#
# A fatal error has been detected by the Java Runtime Environment:
#
#  EXCEPTION_ACCESS_VIOLATION (0xc0000005) at pc=0x00007ffe61b10c20, pid=9312, tid=11760
#
# JRE version: Java(TM) SE Runtime Environment (8.0_25-b18) (build 1.8.0_25-b18)
# Java VM: Java HotSpot(TM) 64-Bit Server VM (25.25-b02 mixed mode windows-amd64 compressed oops)
# Problematic frame:
# C  0x00007ffe61b10c20
#
# Failed to write core dump. Minidumps are not enabled by default on client versions of Windows
#
# If you would like to submit a bug report, please visit:
#   http://bugreport.sun.com/bugreport/crash.jsp
# The crash happened outside the Java Virtual Machine in native code.
# See problematic frame for where to report the bug.
#

---------------  T H R E A D  ---------------

Current thread (0x000002a4fa81e800):  JavaThread "AWT-EventQueue-1" [_thread_in_native, id=11760, stack(0x000000b56a000000,0x000000b56a500000)]

siginfo: ExceptionCode=0xc0000005, reading address 0xffffffffffffffff

Registers:
RAX=0x00002df3bc1f4de8, RBX=0x000002a49b27b950, RCX=0x726579614c706f54, RDX=0x000000b56a4fc078
RSP=0x000000b56a4fbef8, RBP=0x000000b56a4fc068, RSI=0x000002a49cad0368, RDI=0x00000007c077c768
R8 =0x000002a490faf960, R9 =0x000000000000000a, R10=0x000002a480016c2f, R11=0x000000006faa2810
R12=0x0000000000000000, R13=0x000002a49b27b950, R14=0x000000b56a4fc090, R15=0x000002a4fa81e800
RIP=0x00007ffe61b10c20, EFLAGS=0x0000000000010202

Top of Stack: (sp=0x000000b56a4fbef8)
0x000000b56a4fbef8:   00007ffe6468c03b 00000000716d61ec
0x000000b56a4fbf08:   000000b56a4fbfc8 0000000000000000
0x000000b56a4fbf18:   000002a481b00ba0 000002a49b27b950
0x000000b56a4fbf28:   00007ffe647be8bf 0000000000009829
0x000000b56a4fbf38:   00007ffed8b460d8 00000007bc7274c0
0x000000b56a4fbf48:   000000006f9bdc00 000002a4fa81e9e8
0x000000b56a4fbf58:   000002a4ebe7d0c0 fffffffffffffffe
0x000000b56a4fbf68:   00000007bc72a400 000002a4fa81e800
0x000000b56a4fbf78:   0000000000000000 000002a4fa81e800
0x000000b56a4fbf88:   00000007012ed9b8 0000000000000000
0x000000b56a4fbf98:   000002a480886e1c 000000b56a4fc130
0x000000b56a4fbfa8:   000002a481361d94 000000b56a4fc050
0x000000b56a4fbfb8:   00000007006c4e20 0000000701c950c0
0x000000b56a4fbfc8:   00000007bc72a3e0 0000000000000000
0x000000b56a4fbfd8:   00002df3bc1f4de8 0000000702509870
0x000000b56a4fbfe8:   000002a480016c5b 00000007bc72a400 

Instructions: (pc=0x00007ffe61b10c20)
0x00007ffe61b10c00:   48 8b 89 00 02 00 00 e9 94 8c 02 00 cc cc cc cc
0x00007ffe61b10c10:   48 8b 89 00 02 00 00 e9 94 8c 02 00 cc cc cc cc
0x00007ffe61b10c20:   48 8b 89 d0 01 00 00 48 85 c9 0f 85 30 98 02 00
0x00007ffe61b10c30:   32 c0 c3 cc cc cc cc cc cc cc cc cc cc cc cc cc 


Register to memory mapping:

RAX=0x00002df3bc1f4de8 is an unknown value
RBX={method} {0x000002a49b27b958} 'HWDevice_isXicomCfgMemSupported' '(J)Z' in 'ui/data/labtools/lthwdatai'
RCX=0x726579614c706f54 is an unknown value
RDX=0x000000b56a4fc078 is pointing into the stack for thread: 0x000002a4fa81e800
RSP=0x000000b56a4fbef8 is pointing into the stack for thread: 0x000002a4fa81e800
RBP=0x000000b56a4fc068 is pointing into the stack for thread: 0x000002a4fa81e800
RSI=0x000002a49cad0368 is pointing into metadata
RDI=0x00000007c077c768 is pointing into metadata
R8 =0x000002a490faf960 is an unknown value
R9 =0x000000000000000a is an unknown value
R10=0x000002a480016c2f is at code_begin+911 in an Interpreter codelet
method entry point (kind = native)  [0x000002a4800168a0, 0x000002a4800172c0]  2592 bytes
R11=0x000000006faa2810 is an unknown value
R12=0x0000000000000000 is an unknown value
R13={method} {0x000002a49b27b958} 'HWDevice_isXicomCfgMemSupported' '(J)Z' in 'ui/data/labtools/lthwdatai'
R14=0x000000b56a4fc090 is pointing into the stack for thread: 0x000002a4fa81e800
R15=0x000002a4fa81e800 is a thread


Stack: [0x000000b56a000000,0x000000b56a500000],  sp=0x000000b56a4fbef8,  free space=5103k
Native frames: (J=compiled Java code, j=interpreted, Vv=VM code, C=native code)
C  0x00007ffe61b10c20

Java frames: (J=compiled Java code, j=interpreted, Vv=VM code)
j  ui.data.labtools.lthwdatai.HWDevice_isXicomCfgMemSupported(J)Z+0
j  ui.data.labtools.a.bdn()Z+4
j  ui.views.b.m.d.a.aY()Z+22
j  ui.views.b.m.d.d.l(Lui/views/J/e;)Z+1
J 12022 C2 ui.views.J.n.k(Lui/views/J/W;)Z (51 bytes) @ 0x000002a4813aef9c [0x000002a4813aeb80+0x41c]
J 11700 C2 ui.views.J.j.getTreeCellRendererComponent(Ljavax/swing/JTree;Ljava/lang/Object;ZZZIZ)Ljava/awt/Component; (433 bytes) @ 0x000002a481e7817c [0x000002a481e760a0+0x20dc]
J 11699 C2 org.jdesktop.swingx.JXTree$DelegatingRenderer.getTreeCellRendererComponent(Ljavax/swing/JTree;Ljava/lang/Object;ZZZIZ)Ljava/awt/Component; (75 bytes) @ 0x000002a48235cdec [0x000002a48235cd80+0x6c]
J 13404 C2 javax.swing.tree.VariableHeightLayoutCache$TreeStateNode.expand(Z)V (532 bytes) @ 0x000002a48287b38c [0x000002a48287a120+0x126c]
J 10560 C1 javax.swing.tree.VariableHeightLayoutCache.ensurePathIsExpanded(Ljavax/swing/tree/TreePath;Z)V (56 bytes) @ 0x000002a4815b836c [0x000002a4815b78c0+0xaac]
J 9743 C1 javax.swing.tree.VariableHeightLayoutCache.setExpandedState(Ljavax/swing/tree/TreePath;Z)V (38 bytes) @ 0x000002a48075f064 [0x000002a48075e6c0+0x9a4]
J 11867 C1 javax.swing.plaf.basic.BasicTreeUI.updateExpandedDescendants(Ljavax/swing/tree/TreePath;)V (73 bytes) @ 0x000002a481cd9e34 [0x000002a481cd9c20+0x214]
J 6274 C1 javax.swing.plaf.basic.BasicTreeUI$Handler.treeExpanded(Ljavax/swing/event/TreeExpansionEvent;)V (28 bytes) @ 0x000002a4812a7bac [0x000002a4812a7a00+0x1ac]
J 6280 C1 javax.swing.JTree.fireTreeExpanded(Ljavax/swing/tree/TreePath;)V (107 bytes) @ 0x000002a4812bf9d4 [0x000002a4812bf6a0+0x334]
J 6268 C1 javax.swing.JTree.setExpandedState(Ljavax/swing/tree/TreePath;Z)V (422 bytes) @ 0x000002a4812b12e4 [0x000002a4812adb40+0x37a4]
J 6306 C1 javax.swing.JTree.expandPath(Ljavax/swing/tree/TreePath;)V (33 bytes) @ 0x000002a4812d9904 [0x000002a4812d95e0+0x324]
j  ui.g.i.v.Y.N(Ljava/util/List;)V+65
j  ui.g.i.v.Y.cvv()V+17
j  ui.views.J.u.update()V+18
j  ui.views.J.G.update()V+4
j  ui.views.J.W.fgw()V+11
j  ui.ba.cf()V+8
j  ui.ba.Q()V+15
j  ui.g.N.ail()V+31
j  ui.frmwork.c.dmQ()Z+235
j  ui.views.b.m.K.actionPerformed(Ljava/awt/event/ActionEvent;)V+23
j  javax.swing.AbstractButton.fireActionPerformed(Ljava/awt/event/ActionEvent;)V+83
j  javax.swing.AbstractButton$Handler.actionPerformed(Ljava/awt/event/ActionEvent;)V+5
j  javax.swing.DefaultButtonModel.fireActionPerformed(Ljava/awt/event/ActionEvent;)V+34
j  javax.swing.DefaultButtonModel.setPressed(Z)V+117
j  javax.swing.AbstractButton.doClick(I)V+64
j  com.jidesoft.plaf.vsnet.VsnetMenuItemUI.doClick(Ljavax/swing/MenuSelectionManager;)V+17
j  com.jidesoft.plaf.vsnet.VsnetMenuItemUI$MouseInputHandler.mouseReleased(Ljava/awt/event/MouseEvent;)V+85
J 13017 C1 java.awt.AWTEventMulticaster.mouseReleased(Ljava/awt/event/MouseEvent;)V (27 bytes) @ 0x000002a480fba83c [0x000002a480fba620+0x21c]
J 13017 C1 java.awt.AWTEventMulticaster.mouseReleased(Ljava/awt/event/MouseEvent;)V (27 bytes) @ 0x000002a480fba83c [0x000002a480fba620+0x21c]
J 9647 C1 java.awt.Component.processMouseEvent(Ljava/awt/event/MouseEvent;)V (100 bytes) @ 0x000002a4803f297c [0x000002a4803f25e0+0x39c]
J 9646 C1 javax.swing.JComponent.processMouseEvent(Ljava/awt/event/MouseEvent;)V (27 bytes) @ 0x000002a480cae17c [0x000002a480cadf60+0x21c]
J 12962 C2 java.awt.Container.processEvent(Ljava/awt/AWTEvent;)V (22 bytes) @ 0x000002a4806b1554 [0x000002a4806b13e0+0x174]
J 12953 C2 java.awt.Component.dispatchEventImpl(Ljava/awt/AWTEvent;)V (883 bytes) @ 0x000002a482725984 [0x000002a482725160+0x824]
J 11874 C2 java.awt.Container.dispatchEventImpl(Ljava/awt/AWTEvent;)V (129 bytes) @ 0x000002a481b56644 [0x000002a481b56000+0x644]
J 8380 C2 java.awt.LightweightDispatcher.retargetMouseEvent(Ljava/awt/Component;ILjava/awt/event/MouseEvent;)V (350 bytes) @ 0x000002a480ad4ca8 [0x000002a480ad47e0+0x4c8]
J 11874 C2 java.awt.Container.dispatchEventImpl(Ljava/awt/AWTEvent;)V (129 bytes) @ 0x000002a481b56314 [0x000002a481b56000+0x314]
J 12212 C2 java.awt.Window.dispatchEventImpl(Ljava/awt/AWTEvent;)V (23 bytes) @ 0x000002a480634c4c [0x000002a480634c00+0x4c]
J 8406 C2 java.awt.EventQueue$3.run()Ljava/lang/Object; (5 bytes) @ 0x000002a480d54cb0 [0x000002a480d548a0+0x410]
v  ~StubRoutines::call_stub
J 1645  java.security.AccessController.doPrivileged(Ljava/security/PrivilegedAction;Ljava/security/AccessControlContext;)Ljava/lang/Object; (0 bytes) @ 0x000002a4805a55e6 [0x000002a4805a5580+0x66]
J 10434 C2 java.awt.EventQueue$4.run()Ljava/lang/Object; (5 bytes) @ 0x000002a4814faabc [0x000002a4814fa9a0+0x11c]
v  ~StubRoutines::call_stub
J 1645  java.security.AccessController.doPrivileged(Ljava/security/PrivilegedAction;Ljava/security/AccessControlContext;)Ljava/lang/Object; (0 bytes) @ 0x000002a4805a55e6 [0x000002a4805a5580+0x66]
J 8407 C2 ui.frmwork.a.e.dispatchEvent(Ljava/awt/AWTEvent;)V (30 bytes) @ 0x000002a4801f4a38 [0x000002a4801f47e0+0x258]
J 8861 C2 java.awt.EventDispatchThread.pumpOneEventForFilters(I)V (295 bytes) @ 0x000002a481b7336c [0x000002a481b730a0+0x2cc]
J 13047% C2 java.awt.EventDispatchThread.pumpEventsForFilter(ILjava/awt/Conditional;Ljava/awt/EventFilter;)V (47 bytes) @ 0x000002a481178a0c [0x000002a4811788c0+0x14c]
j  java.awt.EventDispatchThread.pumpEventsForHierarchy(ILjava/awt/Conditional;Ljava/awt/Component;)V+11
j  java.awt.EventDispatchThread.pumpEvents(ILjava/awt/Conditional;)V+4
j  java.awt.EventDispatchThread.pumpEvents(Ljava/awt/Conditional;)V+3
j  java.awt.EventDispatchThread.run()V+9
v  ~StubRoutines::call_stub

---------------  P R O C E S S  ---------------

Java Threads: ( => current thread )
  0x000002a491acd000 JavaThread "Image Fetcher 0" daemon [_thread_blocked, id=8260, stack(0x000000b56a500000,0x000000b56aa00000)]
  0x000002a49186f000 JavaThread "Monitor File Timestamp" [_thread_blocked, id=12904, stack(0x000000b56df00000,0x000000b56e400000)]
  0x000002a4fbc63000 JavaThread "Thread-147" [_thread_in_native, id=3724, stack(0x000000b563c00000,0x000000b563d00000)]
  0x000002a491274800 JavaThread "Monitor File Timestamp" [_thread_blocked, id=11360, stack(0x000000b56aa00000,0x000000b56af00000)]
  0x000002a4919ee800 JavaThread "Refresh links" [_thread_blocked, id=3048, stack(0x000000b56ee00000,0x000000b56f300000)]
  0x000002a491aa5800 JavaThread "Refresh GTs" [_thread_blocked, id=116, stack(0x000000b56e900000,0x000000b56ee00000)]
  0x000002a4931b4800 JavaThread "Monitor File Timestamp" [_thread_blocked, id=19832, stack(0x000000b56da00000,0x000000b56df00000)]
  0x000002a4fc05f800 JavaThread "Monitor File Timestamp" [_thread_blocked, id=8648, stack(0x000000b56af00000,0x000000b56b400000)]
  0x000002a490d92000 JavaThread "Monitor File Timestamp" [_thread_blocked, id=15844, stack(0x000000b56d400000,0x000000b56d900000)]
  0x000002a49027d800 JavaThread "hw_ila_monitor" [_thread_blocked, id=15544, stack(0x000000b56b900000,0x000000b56be00000)]
  0x000002a4feb39800 JavaThread "Update Runs" [_thread_blocked, id=14328, stack(0x000000b56cf00000,0x000000b56d400000)]
  0x000002a4fe83d000 JavaThread "Refresh Filesets" [_thread_blocked, id=7968, stack(0x000000b56ca00000,0x000000b56cf00000)]
  0x000002a4f9c8b000 JavaThread "Swing-Shell" daemon [_thread_blocked, id=308, stack(0x000000b56be00000,0x000000b56c300000)]
  0x000002a4fb399800 JavaThread "Monitor File Timestamp" [_thread_blocked, id=11612, stack(0x000000b56b400000,0x000000b56b900000)]
=>0x000002a4fa81e800 JavaThread "AWT-EventQueue-1" [_thread_in_native, id=11760, stack(0x000000b56a000000,0x000000b56a500000)]
  0x000002a4fa81f800 JavaThread "Process Messages" [_thread_blocked, id=18496, stack(0x000000b569b00000,0x000000b56a000000)]
  0x000002a4f0522800 JavaThread "Thread-3" [_thread_in_native, id=6180, stack(0x000000b563f00000,0x000000b565300000)]
  0x000002a4f8fe0800 JavaThread "AWT-EventQueue-0" [_thread_blocked, id=6900, stack(0x000000b569600000,0x000000b569b00000)]
  0x000002a4ed4e0800 JavaThread "AWT-Windows" daemon [_thread_in_native, id=236, stack(0x000000b569100000,0x000000b569600000)]
  0x000002a4ed48d800 JavaThread "AWT-Shutdown" [_thread_blocked, id=10544, stack(0x000000b568c00000,0x000000b569100000)]
  0x000002a4f99d0800 JavaThread "Java2D Disposer" daemon [_thread_blocked, id=4916, stack(0x000000b568700000,0x000000b568c00000)]
  0x000002a4f9d2f800 JavaThread "TimerQueue" daemon [_thread_blocked, id=6228, stack(0x000000b567d00000,0x000000b568200000)]
  0x000002a4f9315800 JavaThread "Service Thread" daemon [_thread_blocked, id=9424, stack(0x000000b567700000,0x000000b567c00000)]
  0x000002a4f8ff0800 JavaThread "C1 CompilerThread2" daemon [_thread_blocked, id=2628, stack(0x000000b567600000,0x000000b567700000)]
  0x000002a4f9022000 JavaThread "C2 CompilerThread1" daemon [_thread_blocked, id=4948, stack(0x000000b567500000,0x000000b567600000)]
  0x000002a4f9023800 JavaThread "C2 CompilerThread0" daemon [_thread_blocked, id=19200, stack(0x000000b567400000,0x000000b567500000)]
  0x000002a4f9017000 JavaThread "Attach Listener" daemon [_thread_blocked, id=5080, stack(0x000000b566f00000,0x000000b567400000)]
  0x000002a4f9011000 JavaThread "Signal Dispatcher" daemon [_thread_blocked, id=9840, stack(0x000000b566a00000,0x000000b566f00000)]
  0x000002a4f8fac000 JavaThread "Finalizer" daemon [_thread_blocked, id=9720, stack(0x000000b566500000,0x000000b566a00000)]
  0x000002a4f8fad000 JavaThread "Reference Handler" daemon [_thread_blocked, id=16340, stack(0x000000b566000000,0x000000b566500000)]
  0x000002a4ed483000 JavaThread "main" [_thread_blocked, id=17412, stack(0x000000b565a00000,0x000000b565b00000)]

Other Threads:
  0x000002a4f8e91000 VMThread [stack: 0x000000b565f00000,0x000000b566000000] [id=17008]
  0x000002a4f9314800 WatcherThread [stack: 0x000000b567c00000,0x000000b567d00000] [id=20100]

VM state:not at safepoint (normal execution)

VM Mutex/Monitor currently owned by a thread: None

Heap:
 PSYoungGen      total 54272K, used 9002K [0x00000007bc400000, 0x00000007c0000000, 0x00000007c0000000)
  eden space 47104K, 7% used [0x00000007bc400000,0x00000007bc793a38,0x00000007bf200000)
  from space 7168K, 74% used [0x00000007bf200000,0x00000007bf7370e0,0x00000007bf900000)
  to   space 7168K, 0% used [0x00000007bf900000,0x00000007bf900000,0x00000007c0000000)
 ParOldGen       total 144896K, used 48407K [0x0000000700000000, 0x0000000708d80000, 0x00000007bc400000)
  object space 144896K, 33% used [0x0000000700000000,0x0000000702f45c88,0x0000000708d80000)
 Metaspace       used 56649K, capacity 57061K, committed 57648K, reserved 1099776K
  class space    used 8089K, capacity 8169K, committed 8240K, reserved 1048576K

Card table byte_map: [0x000002a4f1430000,0x000002a4f1a40000] byte_map_base: 0x000002a4edc30000

Marking Bits: (ParMarkBitMap*) 0x000000007006d490
 Begin Bits: [0x000002a4f2030000, 0x000002a4f5030000)
 End Bits:   [0x000002a4f5030000, 0x000002a4f8030000)

Polling page: 0x000002a4ed400000

CodeCache: size=245760Kb used=42314Kb max_used=42451Kb free=203445Kb
 bounds [0x000002a480000000, 0x000002a4829d0000, 0x000002a48f000000]
 total_blobs=11885 nmethods=11061 adapters=730
 compilation: enabled

Compilation events (10 events):
Event: 1739.285 Thread 0x000002a4f8ff0800 14307       1       ui.views.dj::getName (5 bytes)
Event: 1739.286 Thread 0x000002a4f8ff0800 nmethod 14307 0x000002a481d79550 code [0x000002a481d796a0, 0x000002a481d797b8]
Event: 1739.286 Thread 0x000002a4f8ff0800 14308       3       com.jidesoft.docking.DockableFrame::setLastFocusedComponent (6 bytes)
Event: 1739.286 Thread 0x000002a4f9022000 nmethod 14306 0x000002a481d422d0 code [0x000002a481d42440, 0x000002a481d42668]
Event: 1739.286 Thread 0x000002a4f8ff0800 nmethod 14308 0x000002a481d41f90 code [0x000002a481d420e0, 0x000002a481d42258]
Event: 1739.288 Thread 0x000002a4f9023800 nmethod 14304 0x000002a481aba590 code [0x000002a481aba7c0, 0x000002a481abb570]
Event: 1739.293 Thread 0x000002a4f8ff0800 14309       1       com.jidesoft.swing.Searchable::getComponent (5 bytes)
Event: 1739.293 Thread 0x000002a4f8ff0800 nmethod 14309 0x000002a481aba2d0 code [0x000002a481aba420, 0x000002a481aba538]
Event: 1739.297 Thread 0x000002a4f8ff0800 14310       1       com.jidesoft.plaf.basic.BasicCommandBarSeparatorUI::getMaximumSize (2 bytes)
Event: 1739.297 Thread 0x000002a4f8ff0800 nmethod 14310 0x000002a481d7ca10 code [0x000002a481d7cb60, 0x000002a481d7cc78]

GC Heap History (10 events):
Event: 1639.952 GC heap before
{Heap before GC invocations=85 (full 6):
 PSYoungGen      total 54784K, used 52034K [0x00000007bc400000, 0x00000007c0000000, 0x00000007c0000000)
  eden space 47616K, 100% used [0x00000007bc400000,0x00000007bf280000,0x00000007bf280000)
  from space 7168K, 61% used [0x00000007bf900000,0x00000007bfd50810,0x00000007c0000000)
  to   space 6656K, 0% used [0x00000007bf280000,0x00000007bf280000,0x00000007bf900000)
 ParOldGen       total 144896K, used 47567K [0x0000000700000000, 0x0000000708d80000, 0x00000007bc400000)
  object space 144896K, 32% used [0x0000000700000000,0x0000000702e73c88,0x0000000708d80000)
 Metaspace       used 56553K, capacity 56933K, committed 57392K, reserved 1097728K
  class space    used 8089K, capacity 8169K, committed 8240K, reserved 1048576K
Event: 1639.957 GC heap after
Heap after GC invocations=85 (full 6):
 PSYoungGen      total 54272K, used 5420K [0x00000007bc400000, 0x00000007c0000000, 0x00000007c0000000)
  eden space 47616K, 0% used [0x00000007bc400000,0x00000007bc400000,0x00000007bf280000)
  from space 6656K, 81% used [0x00000007bf280000,0x00000007bf7cb3b8,0x00000007bf900000)
  to   space 7168K, 0% used [0x00000007bf900000,0x00000007bf900000,0x00000007c0000000)
 ParOldGen       total 144896K, used 47647K [0x0000000700000000, 0x0000000708d80000, 0x00000007bc400000)
  object space 144896K, 32% used [0x0000000700000000,0x0000000702e87c88,0x0000000708d80000)
 Metaspace       used 56553K, capacity 56933K, committed 57392K, reserved 1097728K
  class space    used 8089K, capacity 8169K, committed 8240K, reserved 1048576K
}
Event: 1689.278 GC heap before
{Heap before GC invocations=86 (full 6):
 PSYoungGen      total 54272K, used 53036K [0x00000007bc400000, 0x00000007c0000000, 0x00000007c0000000)
  eden space 47616K, 100% used [0x00000007bc400000,0x00000007bf280000,0x00000007bf280000)
  from space 6656K, 81% used [0x00000007bf280000,0x00000007bf7cb3b8,0x00000007bf900000)
  to   space 7168K, 0% used [0x00000007bf900000,0x00000007bf900000,0x00000007c0000000)
 ParOldGen       total 144896K, used 47647K [0x0000000700000000, 0x0000000708d80000, 0x00000007bc400000)
  object space 144896K, 32% used [0x0000000700000000,0x0000000702e87c88,0x0000000708d80000)
 Metaspace       used 56616K, capacity 56997K, committed 57648K, reserved 1099776K
  class space    used 8089K, capacity 8169K, committed 8240K, reserved 1048576K
Event: 1689.283 GC heap after
Heap after GC invocations=86 (full 6):
 PSYoungGen      total 54272K, used 5967K [0x00000007bc400000, 0x00000007c0000000, 0x00000007c0000000)
  eden space 47104K, 0% used [0x00000007bc400000,0x00000007bc400000,0x00000007bf200000)
  from space 7168K, 83% used [0x00000007bf900000,0x00000007bfed3d50,0x00000007c0000000)
  to   space 7168K, 0% used [0x00000007bf200000,0x00000007bf200000,0x00000007bf900000)
 ParOldGen       total 144896K, used 47743K [0x0000000700000000, 0x0000000708d80000, 0x00000007bc400000)
  object space 144896K, 32% used [0x0000000700000000,0x0000000702e9fc88,0x0000000708d80000)
 Metaspace       used 56616K, capacity 56997K, committed 57648K, reserved 1099776K
  class space    used 8089K, capacity 8169K, committed 8240K, reserved 1048576K
}
Event: 1736.954 GC heap before
{Heap before GC invocations=87 (full 6):
 PSYoungGen      total 54272K, used 53071K [0x00000007bc400000, 0x00000007c0000000, 0x00000007c0000000)
  eden space 47104K, 100% used [0x00000007bc400000,0x00000007bf200000,0x00000007bf200000)
  from space 7168K, 83% used [0x00000007bf900000,0x00000007bfed3d50,0x00000007c0000000)
  to   space 7168K, 0% used [0x00000007bf200000,0x00000007bf200000,0x00000007bf900000)
 ParOldGen       total 144896K, used 47743K [0x0000000700000000, 0x0000000708d80000, 0x00000007bc400000)
  object space 144896K, 32% used [0x0000000700000000,0x0000000702e9fc88,0x0000000708d80000)
 Metaspace       used 56619K, capacity 56997K, committed 57648K, reserved 1099776K
  class space    used 8089K, capacity 8169K, committed 8240K, reserved 1048576K
Event: 1736.959 GC heap after
Heap after GC invocations=87 (full 6):
 PSYoungGen      total 54272K, used 5066K [0x00000007bc400000, 0x00000007c0000000, 0x00000007c0000000)
  eden space 47104K, 0% used [0x00000007bc400000,0x00000007bc400000,0x00000007bf200000)
  from space 7168K, 70% used [0x00000007bf200000,0x00000007bf6f2a68,0x00000007bf900000)
  to   space 7168K, 0% used [0x00000007bf900000,0x00000007bf900000,0x00000007c0000000)
 ParOldGen       total 144896K, used 48079K [0x0000000700000000, 0x0000000708d80000, 0x00000007bc400000)
  object space 144896K, 33% used [0x0000000700000000,0x0000000702ef3c88,0x0000000708d80000)
 Metaspace       used 56619K, capacity 56997K, committed 57648K, reserved 1099776K
  class space    used 8089K, capacity 8169K, committed 8240K, reserved 1048576K
}
Event: 1737.641 GC heap before
{Heap before GC invocations=88 (full 6):
 PSYoungGen      total 54272K, used 52170K [0x00000007bc400000, 0x00000007c0000000, 0x00000007c0000000)
  eden space 47104K, 100% used [0x00000007bc400000,0x00000007bf200000,0x00000007bf200000)
  from space 7168K, 70% used [0x00000007bf200000,0x00000007bf6f2a68,0x00000007bf900000)
  to   space 7168K, 0% used [0x00000007bf900000,0x00000007bf900000,0x00000007c0000000)
 ParOldGen       total 144896K, used 48079K [0x0000000700000000, 0x0000000708d80000, 0x00000007bc400000)
  object space 144896K, 33% used [0x0000000700000000,0x0000000702ef3c88,0x0000000708d80000)
 Metaspace       used 56628K, capacity 56997K, committed 57648K, reserved 1099776K
  class space    used 8089K, capacity 8169K, committed 8240K, reserved 1048576K
Event: 1737.645 GC heap after
Heap after GC invocations=88 (full 6):
 PSYoungGen      total 54272K, used 5038K [0x00000007bc400000, 0x00000007c0000000, 0x00000007c0000000)
  eden space 47104K, 0% used [0x00000007bc400000,0x00000007bc400000,0x00000007bf200000)
  from space 7168K, 70% used [0x00000007bf900000,0x00000007bfdeb9c0,0x00000007c0000000)
  to   space 7168K, 0% used [0x00000007bf200000,0x00000007bf200000,0x00000007bf900000)
 ParOldGen       total 144896K, used 48239K [0x0000000700000000, 0x0000000708d80000, 0x00000007bc400000)
  object space 144896K, 33% used [0x0000000700000000,0x0000000702f1bc88,0x0000000708d80000)
 Metaspace       used 56628K, capacity 56997K, committed 57648K, reserved 1099776K
  class space    used 8089K, capacity 8169K, committed 8240K, reserved 1048576K
}
Event: 1739.298 GC heap before
{Heap before GC invocations=89 (full 6):
 PSYoungGen      total 54272K, used 52142K [0x00000007bc400000, 0x00000007c0000000, 0x00000007c0000000)
  eden space 47104K, 100% used [0x00000007bc400000,0x00000007bf200000,0x00000007bf200000)
  from space 7168K, 70% used [0x00000007bf900000,0x00000007bfdeb9c0,0x00000007c0000000)
  to   space 7168K, 0% used [0x00000007bf200000,0x00000007bf200000,0x00000007bf900000)
 ParOldGen       total 144896K, used 48239K [0x0000000700000000, 0x0000000708d80000, 0x00000007bc400000)
  object space 144896K, 33% used [0x0000000700000000,0x0000000702f1bc88,0x0000000708d80000)
 Metaspace       used 56649K, capacity 57061K, committed 57648K, reserved 1099776K
  class space    used 8089K, capacity 8169K, committed 8240K, reserved 1048576K
Event: 1739.304 GC heap after
Heap after GC invocations=89 (full 6):
 PSYoungGen      total 54272K, used 5340K [0x00000007bc400000, 0x00000007c0000000, 0x00000007c0000000)
  eden space 47104K, 0% used [0x00000007bc400000,0x00000007bc400000,0x00000007bf200000)
  from space 7168K, 74% used [0x00000007bf200000,0x00000007bf7370e0,0x00000007bf900000)
  to   space 7168K, 0% used [0x00000007bf900000,0x00000007bf900000,0x00000007c0000000)
 ParOldGen       total 144896K, used 48407K [0x0000000700000000, 0x0000000708d80000, 0x00000007bc400000)
  object space 144896K, 33% used [0x0000000700000000,0x0000000702f45c88,0x0000000708d80000)
 Metaspace       used 56649K, capacity 57061K, committed 57648K, reserved 1099776K
  class space    used 8089K, capacity 8169K, committed 8240K, reserved 1048576K
}

Deoptimization events (10 events):
Event: 1402.708 Thread 0x000002a4fa81e800 Uncommon trap: reason=array_check action=maybe_recompile pc=0x000002a4824c789c method=java.awt.AWTEventMulticaster.populateListenerArray([Ljava/util/EventListener;Ljava/util/EventListener;I)I @ 51
Event: 1402.709 Thread 0x000002a4fa81e800 Uncommon trap: reason=array_check action=maybe_recompile pc=0x000002a4824c789c method=java.awt.AWTEventMulticaster.populateListenerArray([Ljava/util/EventListener;Ljava/util/EventListener;I)I @ 51
Event: 1402.709 Thread 0x000002a4fa81e800 Uncommon trap: reason=array_check action=maybe_recompile pc=0x000002a4824c789c method=java.awt.AWTEventMulticaster.populateListenerArray([Ljava/util/EventListener;Ljava/util/EventListener;I)I @ 51
Event: 1402.709 Thread 0x000002a4fa81e800 Uncommon trap: reason=array_check action=maybe_recompile pc=0x000002a4824c789c method=java.awt.AWTEventMulticaster.populateListenerArray([Ljava/util/EventListener;Ljava/util/EventListener;I)I @ 51
Event: 1490.748 Thread 0x000002a4fa81e800 Uncommon trap: reason=bimorphic action=maybe_recompile pc=0x000002a481506ab8 method=javax.swing.JComponent.paint(Ljava/awt/Graphics;)V @ 179
Event: 1632.847 Thread 0x000002a4fa81e800 Uncommon trap: reason=bimorphic action=maybe_recompile pc=0x000002a481506ab8 method=javax.swing.JComponent.paint(Ljava/awt/Graphics;)V @ 179
Event: 1633.258 Thread 0x000002a4fa81e800 Uncommon trap: reason=class_check action=maybe_recompile pc=0x000002a4803dc5e0 method=javax.swing.SwingUtilities.convertPointFromScreen(Ljava/awt/Point;Ljava/awt/Component;)V @ 29
Event: 1637.805 Thread 0x000002a4fa81e800 Uncommon trap: reason=bimorphic action=maybe_recompile pc=0x000002a481506ab8 method=javax.swing.JComponent.paint(Ljava/awt/Graphics;)V @ 179
Event: 1679.702 Thread 0x000002a4fa81e800 Uncommon trap: reason=class_check action=maybe_recompile pc=0x000002a48226aca0 method=com.jidesoft.docking.DefaultDockingManager.handleEvent(Ljava/awt/AWTEvent;)Z @ 2220
Event: 1737.948 Thread 0x000002a4fa81e800 Uncommon trap: reason=bimorphic action=maybe_recompile pc=0x000002a4813576d8 method=java.awt.Component.getGraphics()Ljava/awt/Graphics; @ 114

Internal exceptions (10 events):
Event: 1134.590 Thread 0x000002a4fa81e800 Exception <a 'java/security/PrivilegedActionException'> (0x00000007bd7965f0) thrown at [D:\re\workspace\8-2-build-windows-amd64-cygwin\jdk8u25\1677\hotspot\src\share\vm\prims\jvm.cpp, line 1312]
Event: 1134.591 Thread 0x000002a4fa81e800 Exception <a 'java/security/PrivilegedActionException'> (0x00000007bd79a7a8) thrown at [D:\re\workspace\8-2-build-windows-amd64-cygwin\jdk8u25\1677\hotspot\src\share\vm\prims\jvm.cpp, line 1312]
Event: 1134.861 Thread 0x000002a4fa81e800 Exception <a 'java/security/PrivilegedActionException'> (0x00000007bd7a0fa8) thrown at [D:\re\workspace\8-2-build-windows-amd64-cygwin\jdk8u25\1677\hotspot\src\share\vm\prims\jvm.cpp, line 1312]
Event: 1134.920 Thread 0x000002a4fa81e800 Implicit null exception at 0x000002a4813b0990 to 0x000002a4813b09e1
Event: 1231.183 Thread 0x000002a4fa81e800 Exception <a 'java/io/FileNotFoundException'> (0x00000007bddcf8c0) thrown at [D:\re\workspace\8-2-build-windows-amd64-cygwin\jdk8u25\1677\hotspot\src\share\vm\prims\jni.cpp, line 716]
Event: 1268.484 Thread 0x000002a4fa81e800 Implicit null exception at 0x000002a480c70ea7 to 0x000002a480c711ee
Event: 1270.141 Thread 0x000002a4fa81e800 Implicit null exception at 0x000002a4818742a0 to 0x000002a481874775
Event: 1294.458 Thread 0x000002a4fa81e800 Implicit null exception at 0x000002a48265524f to 0x000002a482655741
Event: 1403.084 Thread 0x000002a4fa81e800 Exception <a 'java/io/FileNotFoundException'> (0x00000007bd83b900) thrown at [D:\re\workspace\8-2-build-windows-amd64-cygwin\jdk8u25\1677\hotspot\src\share\vm\prims\jni.cpp, line 716]
Event: 1403.727 Thread 0x000002a4fa81e800 Exception <a 'java/io/FileNotFoundException'> (0x00000007bdb64aa0) thrown at [D:\re\workspace\8-2-build-windows-amd64-cygwin\jdk8u25\1677\hotspot\src\share\vm\prims\jni.cpp, line 716]

Events (10 events):
Event: 1737.948 Thread 0x000002a4fa81e800 DEOPT PACKING pc=0x000002a4813576d8 sp=0x000000b56a4fd180
Event: 1737.948 Thread 0x000002a4fa81e800 DEOPT UNPACKING pc=0x000002a480045572 sp=0x000000b56a4fd1a0 mode 2
Event: 1739.177 Executing VM operation: BulkRevokeBias
Event: 1739.177 Executing VM operation: BulkRevokeBias done
Event: 1739.254 Executing VM operation: BulkRevokeBias
Event: 1739.254 Executing VM operation: BulkRevokeBias done
Event: 1739.260 Executing VM operation: BulkRevokeBias
Event: 1739.261 Executing VM operation: BulkRevokeBias done
Event: 1739.298 Executing VM operation: ParallelGCFailedAllocation
Event: 1739.304 Executing VM operation: ParallelGCFailedAllocation done


Dynamic libraries:
0x00007ff6208e0000 - 0x00007ff62091d000 	D:\Vivado\2015.2\bin\unwrapped\win64.o\vivado.exe
0x00007ffedaa00000 - 0x00007ffedabe1000 	C:\WINDOWS\SYSTEM32\ntdll.dll
0x00007ffed8390000 - 0x00007ffed8442000 	C:\WINDOWS\System32\KERNEL32.DLL
0x00007ffed6dd0000 - 0x00007ffed7043000 	C:\WINDOWS\System32\KERNELBASE.dll
0x00007ffed1380000 - 0x00007ffed1393000 	D:\Vivado\2015.2\lib\win64.o\libboost_signals.dll
0x00007ffed12d0000 - 0x00007ffed12e1000 	D:\Vivado\2015.2\lib\win64.o\librdi_commonmain.dll
0x00007ffe85d80000 - 0x00007ffe866c3000 	D:\Vivado\2015.2\lib\win64.o\librdi_common.dll
0x00007ffed8cc0000 - 0x00007ffed8cc8000 	C:\WINDOWS\System32\PSAPI.DLL
0x00007ffed9530000 - 0x00007ffeda970000 	C:\WINDOWS\System32\SHELL32.dll
0x00007ffed8a80000 - 0x00007ffed8b1e000 	C:\WINDOWS\System32\msvcrt.dll
0x00007ffed7c30000 - 0x00007ffed7c79000 	C:\WINDOWS\System32\cfgmgr32.dll
0x00007ffed7c80000 - 0x00007ffed7d7a000 	C:\WINDOWS\System32\ucrtbase.dll
0x00007ffed8d40000 - 0x00007ffed8de9000 	C:\WINDOWS\System32\shcore.dll
0x00007ffed8df0000 - 0x00007ffed8f14000 	C:\WINDOWS\System32\RPCRT4.dll
0x00007ffed8060000 - 0x00007ffed8382000 	C:\WINDOWS\System32\combase.dll
0x00007ffed7900000 - 0x00007ffed797a000 	C:\WINDOWS\System32\bcryptPrimitives.dll
0x00007ffed7050000 - 0x00007ffed775d000 	C:\WINDOWS\System32\windows.storage.dll
0x00007ffed7e90000 - 0x00007ffed7f31000 	C:\WINDOWS\System32\advapi32.dll
0x00007ffed86c0000 - 0x00007ffed871b000 	C:\WINDOWS\System32\sechost.dll
0x00007ffec6e30000 - 0x00007ffec6f04000 	C:\WINDOWS\SYSTEM32\MSVCR110.dll
0x00007ffeda970000 - 0x00007ffeda9c1000 	C:\WINDOWS\System32\shlwapi.dll
0x00007ffed8d10000 - 0x00007ffed8d38000 	C:\WINDOWS\System32\GDI32.dll
0x00007ffed7760000 - 0x00007ffed78f2000 	C:\WINDOWS\System32\gdi32full.dll
0x00007ffed79a0000 - 0x00007ffed7a3f000 	C:\WINDOWS\System32\msvcp_win.dll
0x00007ffed8b30000 - 0x00007ffed8cc0000 	C:\WINDOWS\System32\USER32.dll
0x00007ffec6810000 - 0x00007ffec68b7000 	C:\WINDOWS\SYSTEM32\MSVCP110.dll
0x00007ffed7980000 - 0x00007ffed79a0000 	C:\WINDOWS\System32\win32u.dll
0x00007ffed6db0000 - 0x00007ffed6dc1000 	C:\WINDOWS\System32\kernel.appcore.dll
0x00007ffed6d70000 - 0x00007ffed6d8f000 	C:\WINDOWS\System32\profapi.dll
0x00007ffed6d10000 - 0x00007ffed6d5c000 	C:\WINDOWS\System32\powrprof.dll
0x00007ffed6d60000 - 0x00007ffed6d6a000 	C:\WINDOWS\System32\FLTLIB.DLL
0x00007ffeccd20000 - 0x00007ffeccd42000 	D:\Vivado\2015.2\lib\win64.o\libboost_filesystem.dll
0x00007ffed25b0000 - 0x00007ffed25b9000 	D:\Vivado\2015.2\lib\win64.o\librdi_commonversion.dll
0x00007ffeccbc0000 - 0x00007ffeccc14000 	D:\Vivado\2015.2\lib\win64.o\librdi_commonxillic.dll
0x00007ffe86830000 - 0x00007ffe86ad8000 	D:\Vivado\2015.2\lib\win64.o\libCOIN-all.dll
0x00007ffe85920000 - 0x00007ffe85b40000 	D:\Vivado\2015.2\lib\win64.o\libXil_lmgr11.dll
0x00007ffed8f90000 - 0x00007ffed907d000 	C:\WINDOWS\System32\COMDLG32.dll
0x00000000717e0000 - 0x0000000071907000 	D:\Vivado\2015.2\lib\win64.o\tcl85t.dll
0x00007ffed8f20000 - 0x00007ffed8f8c000 	C:\WINDOWS\System32\WS2_32.dll
0x00007ffed85f0000 - 0x00007ffed86b3000 	C:\WINDOWS\System32\OLEAUT32.dll
0x00007ffed8780000 - 0x00007ffed88d1000 	C:\WINDOWS\System32\ole32.dll
0x00007ffed7d80000 - 0x00007ffed7dd7000 	C:\WINDOWS\System32\WINTRUST.dll
0x00007ffed6d90000 - 0x00007ffed6da2000 	C:\WINDOWS\System32\MSASN1.dll
0x00007ffed7a40000 - 0x00007ffed7c22000 	C:\WINDOWS\System32\CRYPT32.dll
0x00007ffed1a60000 - 0x00007ffed1a70000 	D:\Vivado\2015.2\lib\win64.o\libboost_date_time.dll
0x00007ffec2260000 - 0x00007ffec22d4000 	D:\Vivado\2015.2\lib\win64.o\libboost_program_options.dll
0x000000000a900000 - 0x000000000a98d000 	D:\Vivado\2015.2\lib\win64.o\SHSMP64.dll
0x00007ffed1370000 - 0x00007ffed1379000 	D:\Vivado\2015.2\lib\win64.o\libboost_system.dll
0x00007ffeccd80000 - 0x00007ffeccd9d000 	D:\Vivado\2015.2\lib\win64.o\libboost_thread.dll
0x00007ffe91f60000 - 0x00007ffe91ffa000 	D:\Vivado\2015.2\lib\win64.o\libhdxml.dll
0x00007ffe92a60000 - 0x00007ffe92ae0000 	D:\Vivado\2015.2\lib\win64.o\libhdlpsolve.dll
0x00007ffecccf0000 - 0x00007ffeccd13000 	D:\Vivado\2015.2\lib\win64.o\libisl_iosutils.dll
0x00007ffe79430000 - 0x00007ffe79a3a200 	D:\Vivado\2015.2\lib\win64.o\libisl_iostreams.dll
0x00007ffec4bd0000 - 0x00007ffec4bfa000 	D:\Vivado\2015.2\lib\win64.o\libisl_sysinfo.dll
0x000000006f890000 - 0x00000000700ea000 	D:\Vivado\2015.2\tps\win64\jre\bin\server\jvm.dll
0x00007ffe92810000 - 0x00007ffe9290a000 	D:\Vivado\2015.2\lib\win64.o\libboost_regex.dll
0x00007ffeccba0000 - 0x00007ffeccbb5000 	D:\Vivado\2015.2\lib\win64.o\pthreadVC2.dll
0x00007ffe8aa50000 - 0x00007ffe8ab80000 	D:\Vivado\2015.2\lib\win64.o\librdi_curl.dll
0x00007ffec4a70000 - 0x00007ffec4a93000 	D:\Vivado\2015.2\lib\win64.o\librdizlib.dll
0x00007ffec1850000 - 0x00007ffec1d0d000 	C:\WINDOWS\SYSTEM32\WININET.dll
0x00007ffed2480000 - 0x00007ffed255d000 	C:\WINDOWS\SYSTEM32\WINHTTP.dll
0x00007ffecc9d0000 - 0x00007ffeccb99000 	C:\WINDOWS\SYSTEM32\urlmon.dll
0x00007ffed5900000 - 0x00007ffed5909000 	C:\WINDOWS\SYSTEM32\WSOCK32.dll
0x00007ffec2230000 - 0x00007ffec2253000 	C:\WINDOWS\SYSTEM32\VCOMP110.DLL
0x00007ffec7b90000 - 0x00007ffec7ba8000 	D:\Vivado\2015.2\lib\win64.o\librdiconfig.dll
0x00007ffec0b30000 - 0x00007ffec0b47000 	C:\WINDOWS\SYSTEM32\NETAPI32.dll
0x00007ffed0d40000 - 0x00007ffed0de7000 	C:\WINDOWS\WinSxS\amd64_microsoft.windows.common-controls_6595b64144ccf1df_5.82.17134.590_none_f957b8d13090c3f9\COMCTL32.dll
0x00007ffed2a60000 - 0x00007ffed2a6a000 	C:\WINDOWS\SYSTEM32\VERSION.dll
0x00007ffed1060000 - 0x00007ffed106b000 	D:\Vivado\2015.2\lib\win64.o\libboost_chrono.dll
0x00007ffebf250000 - 0x00007ffebf266000 	D:\Vivado\2015.2\lib\win64.o\libboost_iostreams.dll
0x0000000073210000 - 0x00000000732e2000 	C:\WINDOWS\SYSTEM32\MSVCR100.dll
0x00007ffed00c0000 - 0x00007ffed00e3000 	C:\WINDOWS\SYSTEM32\WINMM.dll
0x00007ffecd300000 - 0x00007ffecd5a5000 	C:\WINDOWS\SYSTEM32\iertutil.dll
0x00007ffed0090000 - 0x00007ffed00ba000 	C:\WINDOWS\SYSTEM32\winmmbase.dll
0x0000000012000000 - 0x0000000012263000 	D:\Vivado\2015.2\lib\win64.o\xerces-c_3_1.dll
0x00007ffed6740000 - 0x00007ffed674b000 	C:\WINDOWS\SYSTEM32\CRYPTBASE.DLL
0x00007ffed8ce0000 - 0x00007ffed8d0d000 	C:\WINDOWS\System32\IMM32.DLL
0x00007ffe79020000 - 0x00007ffe7942a000 	D:\Vivado\2015.2\lib\win64.o\librdi_commontasks.dll
0x00007ffe78340000 - 0x00007ffe78b50000 	D:\Vivado\2015.2\lib\win64.o\libXil_lmgr11FNP.dll
0x00007ffed9080000 - 0x00007ffed94cb000 	C:\WINDOWS\System32\SETUPAPI.dll
0x00007ffed0cb0000 - 0x00007ffed0d35000 	C:\WINDOWS\SYSTEM32\WINSPOOL.DRV
0x00007ffea3860000 - 0x00007ffea386c000 	C:\WINDOWS\SYSTEM32\snmpapi.dll
0x00007ffec99d0000 - 0x00007ffec9a3b000 	C:\WINDOWS\SYSTEM32\OLEACC.dll
0x00007ffed62f0000 - 0x00007ffed6328000 	C:\WINDOWS\SYSTEM32\iphlpapi.dll
0x00007ffed33f0000 - 0x00007ffed35a4000 	C:\WINDOWS\SYSTEM32\PROPSYS.dll
0x00007ffed6850000 - 0x00007ffed6875000 	C:\WINDOWS\SYSTEM32\bcrypt.dll
0x00007ffed6720000 - 0x00007ffed6737000 	C:\WINDOWS\SYSTEM32\CRYPTSP.dll
0x00007ffed6150000 - 0x00007ffed6183000 	C:\WINDOWS\system32\rsaenh.dll
0x00007ffed6c40000 - 0x00007ffed6c70000 	C:\WINDOWS\SYSTEM32\SspiCli.dll
0x00007ffed6b00000 - 0x00007ffed6b27000 	C:\WINDOWS\SYSTEM32\DEVOBJ.dll
0x00007ffed4fe0000 - 0x00007ffed5078000 	C:\WINDOWS\system32\uxtheme.dll
0x00007ffed7fc0000 - 0x00007ffed8060000 	C:\WINDOWS\System32\clbcatq.dll
0x00007ffea2950000 - 0x00007ffea2966000 	C:\WINDOWS\system32\napinsp.dll
0x00007ffe91e80000 - 0x00007ffe91e9a000 	C:\WINDOWS\system32\pnrpnsp.dll
0x00007ffed2f20000 - 0x00007ffed2f39000 	C:\WINDOWS\system32\NLAapi.dll
0x00007ffed6570000 - 0x00007ffed65d6000 	C:\WINDOWS\System32\mswsock.dll
0x00007ffed6330000 - 0x00007ffed63ee000 	C:\WINDOWS\SYSTEM32\DNSAPI.dll
0x00007ffed8b20000 - 0x00007ffed8b28000 	C:\WINDOWS\System32\NSI.dll
0x00007ffed2620000 - 0x00007ffed262e000 	C:\WINDOWS\System32\winrnr.dll
0x00007ffecc020000 - 0x00007ffecc092000 	C:\WINDOWS\System32\fwpuclnt.dll
0x00007ffecc7f0000 - 0x00007ffecc7fa000 	C:\Windows\System32\rasadhlp.dll
0x00007ffed5de0000 - 0x00007ffed5e11000 	C:\WINDOWS\SYSTEM32\ntmarta.dll
0x00007ffe77da0000 - 0x00007ffe7833b000 	D:\Vivado\2015.2\lib\win64.o\librdi_coretasks.dll
0x00007ffe8d1f0000 - 0x00007ffe8d32a000 	D:\Vivado\2015.2\lib\win64.o\librdi_board.dll
0x00007ffe85540000 - 0x00007ffe856fe000 	D:\Vivado\2015.2\lib\win64.o\librdi_chipscope.dll
0x00007ffe754a0000 - 0x00007ffe765ab000 	D:\Vivado\2015.2\lib\win64.o\librdi_constraints.dll
0x00007ffe765b0000 - 0x00007ffe77da0000 	D:\Vivado\2015.2\lib\win64.o\librdi_coregen.dll
0x00007ffe71e10000 - 0x00007ffe75495000 	D:\Vivado\2015.2\lib\win64.o\librdi_designutils.dll
0x00007ffe6b310000 - 0x00007ffe71e0f000 	D:\Vivado\2015.2\lib\win64.o\librdi_device.dll
0x00007ffe6ae70000 - 0x00007ffe6b303000 	D:\Vivado\2015.2\lib\win64.o\librdi_drc.dll
0x00007ffe6a710000 - 0x00007ffe6ab32000 	D:\Vivado\2015.2\lib\win64.o\librdi_netlist.dll
0x00007ffe6ab40000 - 0x00007ffe6ae6d000 	D:\Vivado\2015.2\lib\win64.o\librdi_filemgmt.dll
0x00007ffe68bf0000 - 0x00007ffe6a214000 	D:\Vivado\2015.2\lib\win64.o\librdi_place.dll
0x00007ffe6a220000 - 0x00007ffe6a701000 	D:\Vivado\2015.2\lib\win64.o\librdi_power.dll
0x00007ffe687f0000 - 0x00007ffe68beb000 	D:\Vivado\2015.2\lib\win64.o\librdi_project.dll
0x00007ffebf0e0000 - 0x00007ffebf12d000 	D:\Vivado\2015.2\lib\win64.o\librdi_projectbase.dll
0x00007ffe68360000 - 0x00007ffe687f0000 	D:\Vivado\2015.2\lib\win64.o\librdi_psta.dll
0x00007ffe67f30000 - 0x00007ffe68358000 	D:\Vivado\2015.2\lib\win64.o\librdi_rsb.dll
0x00007ffe67cd0000 - 0x00007ffe67f26000 	D:\Vivado\2015.2\lib\win64.o\librdi_runs.dll
0x00007ffea27f0000 - 0x00007ffea2849000 	D:\Vivado\2015.2\lib\win64.o\librdi_runsbase.dll
0x00007ffe673c0000 - 0x00007ffe67cce000 	D:\Vivado\2015.2\lib\win64.o\librdi_timing.dll
0x00007ffe94890000 - 0x00007ffe948f3000 	D:\Vivado\2015.2\lib\win64.o\liblmx6.0.dll
0x00007ffe91b80000 - 0x00007ffe91bdd000 	D:\Vivado\2015.2\lib\win64.o\librdi_boarddep.dll
0x00007ffe66d00000 - 0x00007ffe673b9000 	D:\Vivado\2015.2\lib\win64.o\librdi_coregenipxact.dll
0x00007ffe91b30000 - 0x00007ffe91b77000 	D:\Vivado\2015.2\lib\win64.o\libboost_serialization.dll
0x00007ffe662c0000 - 0x00007ffe664e3000 	D:\Vivado\2015.2\lib\win64.o\librdi_bitstream.dll
0x00007ffe664f0000 - 0x00007ffe66cfd000 	D:\Vivado\2015.2\lib\win64.o\libverific.dll
0x00007ffe65d80000 - 0x00007ffe662c0000 	D:\Vivado\2015.2\lib\win64.o\librdi_xdm.dll

VM Arguments:
jvm_args: -Dsun.java2d.pmoffscreen=false -Dsun.java2d.d3d=false -Dsun.awt.nopixfmt=true -Xverify:none -Dswing.aatext=true -XX:-UsePerfData -Djdk.map.althashing.threshold=512 -XX:StringTableSize=4072 -Djava.util.Arrays.useLegacyMergeSort=true -XX:NewSize=60m -XX:MaxNewSize=60m -Xms128m -Xmx3072m -Xss5m 
java_command: <unknown>
java_class_path (initial): D:/Vivado/2015.2\lib\classes\alloy.jar;D:/Vivado/2015.2\lib\classes\antlr-2.7.7.jar;D:/Vivado/2015.2\lib\classes\batik-anim.jar;D:/Vivado/2015.2\lib\classes\batik-awt-util.jar;D:/Vivado/2015.2\lib\classes\batik-bridge.jar;D:/Vivado/2015.2\lib\classes\batik-codec.jar;D:/Vivado/2015.2\lib\classes\batik-css.jar;D:/Vivado/2015.2\lib\classes\batik-dom.jar;D:/Vivado/2015.2\lib\classes\batik-ext.jar;D:/Vivado/2015.2\lib\classes\batik-gui-util.jar;D:/Vivado/2015.2\lib\classes\batik-gvt.jar;D:/Vivado/2015.2\lib\classes\batik-parser.jar;D:/Vivado/2015.2\lib\classes\batik-script.jar;D:/Vivado/2015.2\lib\classes\batik-svg-dom.jar;D:/Vivado/2015.2\lib\classes\batik-swing.jar;D:/Vivado/2015.2\lib\classes\batik-transcoder.jar;D:/Vivado/2015.2\lib\classes\batik-util.jar;D:/Vivado/2015.2\lib\classes\batik-xml.jar;D:/Vivado/2015.2\lib\classes\commons-logging.jar;D:/Vivado/2015.2\lib\classes\commons-math-2.2.jar;D:/Vivado/2015.2\lib\classes\dom4j-1.6.1.jar;D:/Vivado/2015.2\lib\classes\forms.jar;D:/Vivado/2015.2\lib\classes\guava-15.0.jar;D:/Vivado/2015.2\lib\classes\hsqldb.jar;D:/Vivado/2015.2\lib\classes\jdom.jar;D:/Vivado/2015.2\lib\classes\jide-action.jar;D:/Vivado/2015.2\lib\classes\jide-charts.jar;D:/Vivado/2015.2\lib\classes\jide-common.jar;D:/Vivado/2015.2\lib\classes\jide-components.jar;D:/Vivado/2015.2\lib\classes\jide-dashboard.jar;D:/Vivado/2015.2\lib\classes\jide-data.jar;D:/Vivado/2015.2\lib\classes\jide-dialogs.jar;D:/Vivado/2015.2\lib\classes\jide-diff.jar;D:/Vivado/2015.2\lib\classes\jide-dock.jar;D:/Vivado/2015.2\lib\classes\jide-editor.jar;D:/Vivado/2015.2\lib\classes\jide-gantt.jar;D:/Vivado/2015.2\lib\classes\jide-grids.jar;D:/Vivado/2015.2\lib\classes\jide-pivot.jar;D:/Vivado/2015.2\lib\classes\jide-properties.jar;D:/Vivado/2015.2\lib\classes\jide-rss.jar;D:/Vivado/2015.2\lib\classes\jide-shortcut.jar;D:/Vivado/2015.2\lib\classes\jide-treemap.jar;D:/Vivado/2015.2\lib\classes\jmi.jar;D:/Vivado/2015.2\lib\classes\lucene-analyzers-common-
Launcher Type: generic

Environment Variables:
JAVA_HOME=C:\Program Files (x86)\Java\jdk1.5.0
CLASSPATH=.;C:\Program Files (x86)\Java\jdk1.5.0\lib\dt.jar;C:\Program Files (x86)\Java\jdk1.5.0\lib\tools.jar
USERNAME=16044
OS=Windows_NT
PROCESSOR_IDENTIFIER=Intel64 Family 6 Model 94 Stepping 3, GenuineIntel



---------------  S Y S T E M  ---------------

OS: Windows 8 , 64 bit Build 9200 

CPU:total 4 (4 cores per cpu, 1 threads per core) family 6 model 94 stepping 3, cmov, cx8, fxsr, mmx, sse, sse2, sse3, ssse3, sse4.1, sse4.2, popcnt, avx, avx2, aes, clmul, erms, rtm, lzcnt, tsc, tscinvbit, bmi1, bmi2

Memory: 4k page, physical 8275872k(3970244k free), swap 11290528k(4467088k free)

vm_info: Java HotSpot(TM) 64-Bit Server VM (25.25-b02) for windows-amd64 JRE (1.8.0_25-b18), built on Oct  7 2014 14:25:37 by "java_re" with MS VC++ 10.0 (VS2010)

time: Wed Feb 20 19:10:36 2019
elapsed time: 1739 seconds (0d 0h 28m 59s)

