#-----------------------------------------------------------
# Vivado v2015.2 (64-bit)
# SW Build 1266856 on Fri Jun 26 16:35:25 MDT 2015
# IP Build 1264090 on Wed Jun 24 14:22:01 MDT 2015
# Start of session at: Thu Feb 21 09:47:56 2019
# Process ID: 6036
# Log file: C:/Users/Administrator/Desktop/CurriculumDesign-PrinciplesOfComputerOrganization-master/single_circle/vivado.log
# Journal file: C:/Users/Administrator/Desktop/CurriculumDesign-PrinciplesOfComputerOrganization-master/single_circle\vivado.jou
#-----------------------------------------------------------
start_gui
open_project C:/Users/Administrator/Desktop/CurriculumDesign-PrinciplesOfComputerOrganization-master/single_circle/cpu.xpr
INFO: [ProjectBase 1-489] The host OS only allows 260 characters in a normal path. The project is stored in a path with more than 80 characters. If you experience issues with IP, Block Designs, or files not being found, please consider moving the project to a location with a shorter path. Alternately consider using the OS subst command to map part of the path to a drive letter.
Current project path is 'C:/Users/Administrator/Desktop/CurriculumDesign-PrinciplesOfComputerOrganization-master/single_circle'
INFO: [Project 1-313] Project file moved from 'C:/Users/Administrator/Desktop/single_circle' since last save.
Scanning sources...
Finished scanning sources
INFO: [IP_Flow 19-234] Refreshing IP repositories
INFO: [IP_Flow 19-1704] No user IP repositories specified
INFO: [IP_Flow 19-2313] Loaded Vivado IP repository 'C:/Xilinx/Vivado/2015.2/data/ip'.
open_project: Time (s): cpu = 00:00:10 ; elapsed = 00:00:05 . Memory (MB): peak = 752.016 ; gain = 159.246
reset_run synth_1
launch_runs impl_1
[Thu Feb 21 10:08:29 2019] Launched synth_1...
Run output will be captured here: C:/Users/Administrator/Desktop/CurriculumDesign-PrinciplesOfComputerOrganization-master/single_circle/cpu.runs/synth_1/runme.log
[Thu Feb 21 10:08:29 2019] Launched impl_1...
Run output will be captured here: C:/Users/Administrator/Desktop/CurriculumDesign-PrinciplesOfComputerOrganization-master/single_circle/cpu.runs/impl_1/runme.log
reset_run synth_1
launch_runs impl_1
[Thu Feb 21 10:11:34 2019] Launched synth_1...
Run output will be captured here: C:/Users/Administrator/Desktop/CurriculumDesign-PrinciplesOfComputerOrganization-master/single_circle/cpu.runs/synth_1/runme.log
[Thu Feb 21 10:11:34 2019] Launched impl_1...
Run output will be captured here: C:/Users/Administrator/Desktop/CurriculumDesign-PrinciplesOfComputerOrganization-master/single_circle/cpu.runs/impl_1/runme.log
launch_runs impl_1 -to_step write_bitstream
[Thu Feb 21 10:13:42 2019] Launched impl_1...
Run output will be captured here: C:/Users/Administrator/Desktop/CurriculumDesign-PrinciplesOfComputerOrganization-master/single_circle/cpu.runs/impl_1/runme.log
open_hw
connect_hw_server
INFO: [Labtools 27-2285] Connecting to hw_server url TCP:localhost:3121
INFO: [Labtools 27-2222] Launching hw_server...
INFO: [Labtools 27-2221] Launch Output:

****** Xilinx hw_server v2015.2
  **** Build date : Jun 26 2015-16:56:39
    ** Copyright 1986-1999, 2001-2015 Xilinx, Inc. All Rights Reserved.


open_hw_target [lindex [get_hw_targets -of_objects [get_hw_servers localhost]] 0]
INFO: [Labtoolstcl 44-466] Opening hw_target localhost:3121/xilinx_tcf/Digilent/210292746826A
set_property PROGRAM.FILE {C:/Users/Administrator/Desktop/CurriculumDesign-PrinciplesOfComputerOrganization-master/single_circle/cpu.runs/impl_1/TopLayer.bit} [lindex [get_hw_devices] 0]
current_hw_device [lindex [get_hw_devices] 0]
refresh_hw_device -update_hw_probes false [lindex [get_hw_devices] 0]
INFO: [Labtools 27-1434] Device xc7a100t (JTAG device index = 0) is programmed with a design that has no supported debug core(s) in it.
WARNING: [Labtools 27-3123] The debug hub core was not detected at User Scan Chain 1 or 3.
Resolution: 
1. Make sure the clock connected to the debug hub (dbg_hub) core is a free running clock and is active OR
2. Manually launch hw_server with -e "set xsdb-user-bscan <C_USER_SCAN_CHAIN scan_chain_number>" to detect the debug hub at User Scan Chain of 2 or 4. To determine the user scan chain setting, open the implemented design and use: get_property C_USER_SCAN_CHAIN [get_debug_cores dbg_hub].
set_property PROBES.FILE {} [lindex [get_hw_devices] 0]
set_property PROGRAM.FILE {C:/Users/Administrator/Desktop/CurriculumDesign-PrinciplesOfComputerOrganization-master/single_circle/cpu.runs/impl_1/TopLayer.bit} [lindex [get_hw_devices] 0]
program_hw_devices [lindex [get_hw_devices] 0]
INFO: [Labtools 27-3164] End of startup status: HIGH
refresh_hw_device [lindex [get_hw_devices] 0]
INFO: [Labtools 27-1434] Device xc7a100t (JTAG device index = 0) is programmed with a design that has no supported debug core(s) in it.
WARNING: [Labtools 27-3123] The debug hub core was not detected at User Scan Chain 1 or 3.
Resolution: 
1. Make sure the clock connected to the debug hub (dbg_hub) core is a free running clock and is active OR
2. Manually launch hw_server with -e "set xsdb-user-bscan <C_USER_SCAN_CHAIN scan_chain_number>" to detect the debug hub at User Scan Chain of 2 or 4. To determine the user scan chain setting, open the implemented design and use: get_property C_USER_SCAN_CHAIN [get_debug_cores dbg_hub].
reset_run synth_1
launch_runs impl_1
[Thu Feb 21 10:24:20 2019] Launched synth_1...
Run output will be captured here: C:/Users/Administrator/Desktop/CurriculumDesign-PrinciplesOfComputerOrganization-master/single_circle/cpu.runs/synth_1/runme.log
[Thu Feb 21 10:24:20 2019] Launched impl_1...
Run output will be captured here: C:/Users/Administrator/Desktop/CurriculumDesign-PrinciplesOfComputerOrganization-master/single_circle/cpu.runs/impl_1/runme.log
launch_runs impl_1 -to_step write_bitstream
[Thu Feb 21 10:26:11 2019] Launched impl_1...
Run output will be captured here: C:/Users/Administrator/Desktop/CurriculumDesign-PrinciplesOfComputerOrganization-master/single_circle/cpu.runs/impl_1/runme.log
set_property PROBES.FILE {} [lindex [get_hw_devices] 0]
set_property PROGRAM.FILE {C:/Users/Administrator/Desktop/CurriculumDesign-PrinciplesOfComputerOrganization-master/single_circle/cpu.runs/impl_1/TopLayer.bit} [lindex [get_hw_devices] 0]
program_hw_devices [lindex [get_hw_devices] 0]
INFO: [Labtools 27-3164] End of startup status: HIGH
refresh_hw_device [lindex [get_hw_devices] 0]
INFO: [Labtools 27-1434] Device xc7a100t (JTAG device index = 0) is programmed with a design that has no supported debug core(s) in it.
WARNING: [Labtools 27-3123] The debug hub core was not detected at User Scan Chain 1 or 3.
Resolution: 
1. Make sure the clock connected to the debug hub (dbg_hub) core is a free running clock and is active OR
2. Manually launch hw_server with -e "set xsdb-user-bscan <C_USER_SCAN_CHAIN scan_chain_number>" to detect the debug hub at User Scan Chain of 2 or 4. To determine the user scan chain setting, open the implemented design and use: get_property C_USER_SCAN_CHAIN [get_debug_cores dbg_hub].
reset_run synth_1
launch_runs impl_1
[Thu Feb 21 10:29:21 2019] Launched synth_1...
Run output will be captured here: C:/Users/Administrator/Desktop/CurriculumDesign-PrinciplesOfComputerOrganization-master/single_circle/cpu.runs/synth_1/runme.log
[Thu Feb 21 10:29:21 2019] Launched impl_1...
Run output will be captured here: C:/Users/Administrator/Desktop/CurriculumDesign-PrinciplesOfComputerOrganization-master/single_circle/cpu.runs/impl_1/runme.log
launch_runs impl_1 -to_step write_bitstream
[Thu Feb 21 10:31:41 2019] Launched impl_1...
Run output will be captured here: C:/Users/Administrator/Desktop/CurriculumDesign-PrinciplesOfComputerOrganization-master/single_circle/cpu.runs/impl_1/runme.log
set_property PROBES.FILE {} [lindex [get_hw_devices] 0]
set_property PROGRAM.FILE {C:/Users/Administrator/Desktop/CurriculumDesign-PrinciplesOfComputerOrganization-master/single_circle/cpu.runs/impl_1/TopLayer.bit} [lindex [get_hw_devices] 0]
program_hw_devices [lindex [get_hw_devices] 0]
INFO: [Labtools 27-3164] End of startup status: HIGH
refresh_hw_device [lindex [get_hw_devices] 0]
INFO: [Labtools 27-1434] Device xc7a100t (JTAG device index = 0) is programmed with a design that has no supported debug core(s) in it.
WARNING: [Labtools 27-3123] The debug hub core was not detected at User Scan Chain 1 or 3.
Resolution: 
1. Make sure the clock connected to the debug hub (dbg_hub) core is a free running clock and is active OR
2. Manually launch hw_server with -e "set xsdb-user-bscan <C_USER_SCAN_CHAIN scan_chain_number>" to detect the debug hub at User Scan Chain of 2 or 4. To determine the user scan chain setting, open the implemented design and use: get_property C_USER_SCAN_CHAIN [get_debug_cores dbg_hub].
reset_run synth_1
launch_runs impl_1
[Thu Feb 21 11:07:06 2019] Launched synth_1...
Run output will be captured here: C:/Users/Administrator/Desktop/CurriculumDesign-PrinciplesOfComputerOrganization-master/single_circle/cpu.runs/synth_1/runme.log
[Thu Feb 21 11:07:06 2019] Launched impl_1...
Run output will be captured here: C:/Users/Administrator/Desktop/CurriculumDesign-PrinciplesOfComputerOrganization-master/single_circle/cpu.runs/impl_1/runme.log
launch_runs impl_1 -to_step write_bitstream
[Thu Feb 21 11:09:10 2019] Launched impl_1...
Run output will be captured here: C:/Users/Administrator/Desktop/CurriculumDesign-PrinciplesOfComputerOrganization-master/single_circle/cpu.runs/impl_1/runme.log
set_property PROBES.FILE {} [lindex [get_hw_devices] 0]
set_property PROGRAM.FILE {C:/Users/Administrator/Desktop/CurriculumDesign-PrinciplesOfComputerOrganization-master/single_circle/cpu.runs/impl_1/TopLayer.bit} [lindex [get_hw_devices] 0]
program_hw_devices [lindex [get_hw_devices] 0]
INFO: [Labtools 27-3164] End of startup status: HIGH
refresh_hw_device [lindex [get_hw_devices] 0]
INFO: [Labtools 27-1434] Device xc7a100t (JTAG device index = 0) is programmed with a design that has no supported debug core(s) in it.
WARNING: [Labtools 27-3123] The debug hub core was not detected at User Scan Chain 1 or 3.
Resolution: 
1. Make sure the clock connected to the debug hub (dbg_hub) core is a free running clock and is active OR
2. Manually launch hw_server with -e "set xsdb-user-bscan <C_USER_SCAN_CHAIN scan_chain_number>" to detect the debug hub at User Scan Chain of 2 or 4. To determine the user scan chain setting, open the implemented design and use: get_property C_USER_SCAN_CHAIN [get_debug_cores dbg_hub].
set_property PROBES.FILE {} [lindex [get_hw_devices] 0]
set_property PROGRAM.FILE {C:/Users/Administrator/Desktop/CurriculumDesign-PrinciplesOfComputerOrganization-master/single_circle/cpu.runs/impl_1/TopLayer.bit} [lindex [get_hw_devices] 0]
program_hw_devices [lindex [get_hw_devices] 0]
INFO: [Labtools 27-3164] End of startup status: HIGH
refresh_hw_device [lindex [get_hw_devices] 0]
INFO: [Labtools 27-1434] Device xc7a100t (JTAG device index = 0) is programmed with a design that has no supported debug core(s) in it.
WARNING: [Labtools 27-3123] The debug hub core was not detected at User Scan Chain 1 or 3.
Resolution: 
1. Make sure the clock connected to the debug hub (dbg_hub) core is a free running clock and is active OR
2. Manually launch hw_server with -e "set xsdb-user-bscan <C_USER_SCAN_CHAIN scan_chain_number>" to detect the debug hub at User Scan Chain of 2 or 4. To determine the user scan chain setting, open the implemented design and use: get_property C_USER_SCAN_CHAIN [get_debug_cores dbg_hub].
reset_run synth_1
launch_runs impl_1
[Thu Feb 21 11:30:47 2019] Launched synth_1...
Run output will be captured here: C:/Users/Administrator/Desktop/CurriculumDesign-PrinciplesOfComputerOrganization-master/single_circle/cpu.runs/synth_1/runme.log
[Thu Feb 21 11:30:47 2019] Launched impl_1...
Run output will be captured here: C:/Users/Administrator/Desktop/CurriculumDesign-PrinciplesOfComputerOrganization-master/single_circle/cpu.runs/impl_1/runme.log
launch_runs impl_1 -to_step write_bitstream
[Thu Feb 21 11:32:41 2019] Launched impl_1...
Run output will be captured here: C:/Users/Administrator/Desktop/CurriculumDesign-PrinciplesOfComputerOrganization-master/single_circle/cpu.runs/impl_1/runme.log
set_property PROBES.FILE {} [lindex [get_hw_devices] 0]
set_property PROGRAM.FILE {C:/Users/Administrator/Desktop/CurriculumDesign-PrinciplesOfComputerOrganization-master/single_circle/cpu.runs/impl_1/TopLayer.bit} [lindex [get_hw_devices] 0]
program_hw_devices [lindex [get_hw_devices] 0]
INFO: [Labtools 27-3164] End of startup status: HIGH
refresh_hw_device [lindex [get_hw_devices] 0]
INFO: [Labtools 27-1434] Device xc7a100t (JTAG device index = 0) is programmed with a design that has no supported debug core(s) in it.
WARNING: [Labtools 27-3123] The debug hub core was not detected at User Scan Chain 1 or 3.
Resolution: 
1. Make sure the clock connected to the debug hub (dbg_hub) core is a free running clock and is active OR
2. Manually launch hw_server with -e "set xsdb-user-bscan <C_USER_SCAN_CHAIN scan_chain_number>" to detect the debug hub at User Scan Chain of 2 or 4. To determine the user scan chain setting, open the implemented design and use: get_property C_USER_SCAN_CHAIN [get_debug_cores dbg_hub].
reset_run synth_1
launch_runs impl_1
[Thu Feb 21 11:40:35 2019] Launched synth_1...
Run output will be captured here: C:/Users/Administrator/Desktop/CurriculumDesign-PrinciplesOfComputerOrganization-master/single_circle/cpu.runs/synth_1/runme.log
[Thu Feb 21 11:40:35 2019] Launched impl_1...
Run output will be captured here: C:/Users/Administrator/Desktop/CurriculumDesign-PrinciplesOfComputerOrganization-master/single_circle/cpu.runs/impl_1/runme.log
launch_runs impl_1 -to_step write_bitstream
[Thu Feb 21 11:42:43 2019] Launched impl_1...
Run output will be captured here: C:/Users/Administrator/Desktop/CurriculumDesign-PrinciplesOfComputerOrganization-master/single_circle/cpu.runs/impl_1/runme.log
set_property PROBES.FILE {} [lindex [get_hw_devices] 0]
set_property PROGRAM.FILE {C:/Users/Administrator/Desktop/CurriculumDesign-PrinciplesOfComputerOrganization-master/single_circle/cpu.runs/impl_1/TopLayer.bit} [lindex [get_hw_devices] 0]
program_hw_devices [lindex [get_hw_devices] 0]
INFO: [Labtools 27-3164] End of startup status: HIGH
refresh_hw_device [lindex [get_hw_devices] 0]
INFO: [Labtools 27-1434] Device xc7a100t (JTAG device index = 0) is programmed with a design that has no supported debug core(s) in it.
WARNING: [Labtools 27-3123] The debug hub core was not detected at User Scan Chain 1 or 3.
Resolution: 
1. Make sure the clock connected to the debug hub (dbg_hub) core is a free running clock and is active OR
2. Manually launch hw_server with -e "set xsdb-user-bscan <C_USER_SCAN_CHAIN scan_chain_number>" to detect the debug hub at User Scan Chain of 2 or 4. To determine the user scan chain setting, open the implemented design and use: get_property C_USER_SCAN_CHAIN [get_debug_cores dbg_hub].
set_property PROBES.FILE {} [lindex [get_hw_devices] 0]
set_property PROGRAM.FILE {C:/Users/Administrator/Desktop/CurriculumDesign-PrinciplesOfComputerOrganization-master/single_circle/cpu.runs/impl_1/TopLayer.bit} [lindex [get_hw_devices] 0]
program_hw_devices [lindex [get_hw_devices] 0]
INFO: [Labtools 27-3164] End of startup status: HIGH
refresh_hw_device [lindex [get_hw_devices] 0]
INFO: [Labtools 27-1434] Device xc7a100t (JTAG device index = 0) is programmed with a design that has no supported debug core(s) in it.
WARNING: [Labtools 27-3123] The debug hub core was not detected at User Scan Chain 1 or 3.
Resolution: 
1. Make sure the clock connected to the debug hub (dbg_hub) core is a free running clock and is active OR
2. Manually launch hw_server with -e "set xsdb-user-bscan <C_USER_SCAN_CHAIN scan_chain_number>" to detect the debug hub at User Scan Chain of 2 or 4. To determine the user scan chain setting, open the implemented design and use: get_property C_USER_SCAN_CHAIN [get_debug_cores dbg_hub].
set_property PROBES.FILE {} [lindex [get_hw_devices] 0]
set_property PROGRAM.FILE {C:/Users/Administrator/Desktop/CurriculumDesign-PrinciplesOfComputerOrganization-master/single_circle/cpu.runs/impl_1/TopLayer.bit} [lindex [get_hw_devices] 0]
program_hw_devices [lindex [get_hw_devices] 0]
INFO: [Labtools 27-3164] End of startup status: HIGH
refresh_hw_device [lindex [get_hw_devices] 0]
INFO: [Labtools 27-1434] Device xc7a100t (JTAG device index = 0) is programmed with a design that has no supported debug core(s) in it.
WARNING: [Labtools 27-3123] The debug hub core was not detected at User Scan Chain 1 or 3.
Resolution: 
1. Make sure the clock connected to the debug hub (dbg_hub) core is a free running clock and is active OR
2. Manually launch hw_server with -e "set xsdb-user-bscan <C_USER_SCAN_CHAIN scan_chain_number>" to detect the debug hub at User Scan Chain of 2 or 4. To determine the user scan chain setting, open the implemented design and use: get_property C_USER_SCAN_CHAIN [get_debug_cores dbg_hub].
reset_run synth_1
launch_runs impl_1
[Thu Feb 21 11:55:36 2019] Launched synth_1...
Run output will be captured here: C:/Users/Administrator/Desktop/CurriculumDesign-PrinciplesOfComputerOrganization-master/single_circle/cpu.runs/synth_1/runme.log
[Thu Feb 21 11:55:36 2019] Launched impl_1...
Run output will be captured here: C:/Users/Administrator/Desktop/CurriculumDesign-PrinciplesOfComputerOrganization-master/single_circle/cpu.runs/impl_1/runme.log
launch_runs impl_1 -to_step write_bitstream
[Thu Feb 21 11:57:27 2019] Launched impl_1...
Run output will be captured here: C:/Users/Administrator/Desktop/CurriculumDesign-PrinciplesOfComputerOrganization-master/single_circle/cpu.runs/impl_1/runme.log
set_property PROBES.FILE {} [lindex [get_hw_devices] 0]
set_property PROGRAM.FILE {C:/Users/Administrator/Desktop/CurriculumDesign-PrinciplesOfComputerOrganization-master/single_circle/cpu.runs/impl_1/TopLayer.bit} [lindex [get_hw_devices] 0]
program_hw_devices [lindex [get_hw_devices] 0]
INFO: [Labtools 27-3164] End of startup status: HIGH
refresh_hw_device [lindex [get_hw_devices] 0]
INFO: [Labtools 27-1434] Device xc7a100t (JTAG device index = 0) is programmed with a design that has no supported debug core(s) in it.
WARNING: [Labtools 27-3123] The debug hub core was not detected at User Scan Chain 1 or 3.
Resolution: 
1. Make sure the clock connected to the debug hub (dbg_hub) core is a free running clock and is active OR
2. Manually launch hw_server with -e "set xsdb-user-bscan <C_USER_SCAN_CHAIN scan_chain_number>" to detect the debug hub at User Scan Chain of 2 or 4. To determine the user scan chain setting, open the implemented design and use: get_property C_USER_SCAN_CHAIN [get_debug_cores dbg_hub].
ERROR: [Labtools 27-3175] Target jsn-Nexys4DDR-210292746826A is no longer available.
Please use disconnect_hw_server to close the current server connection. Check cable connectivity and that the target board is powered up.
Restart the hw_server application running on host localhost, port 3121 and then use connect_hw_server to re-establish connection to target.
close_hw_target
INFO: [Labtoolstcl 44-464] Closing hw_target localhost/xilinx_tcf/Digilent/210292746826A
disconnect_hw_server localhost
****** Webtalk v2015.2 (64-bit)
  **** SW Build 1266856 on Fri Jun 26 16:35:25 MDT 2015
  **** IP Build 1264090 on Wed Jun 24 14:22:01 MDT 2015
    ** Copyright 1986-2015 Xilinx, Inc. All Rights Reserved.

source C:/Users/Administrator/Desktop/CurriculumDesign-PrinciplesOfComputerOrganization-master/single_circle/cpu.hw/webtalk/labtool_webtalk.tcl -notrace
INFO: [Common 17-186] 'C:/Users/Administrator/Desktop/CurriculumDesign-PrinciplesOfComputerOrganization-master/single_circle/cpu.hw/webtalk/usage_statistics_ext_labtool.xml' has been successfully sent to Xilinx on Thu Feb 21 12:00:13 2019. For additional details about this file, please refer to the WebTalk help file at C:/Xilinx/Vivado/2015.2/doc/webtalk_introduction.html.
webtalk_transmit: Time (s): cpu = 00:00:00 ; elapsed = 00:00:06 . Memory (MB): peak = 54.813 ; gain = 0.020
INFO: [Common 17-206] Exiting Webtalk at Thu Feb 21 12:00:13 2019...
disconnect_hw_server: Time (s): cpu = 00:00:00 ; elapsed = 00:00:06 . Memory (MB): peak = 856.313 ; gain = 0.000
INFO: [Labtools 27-2285] Connecting to hw_server url TCP:localhost:3121
connect_hw_server -url localhost:3121
INFO: [Labtools 27-2285] Connecting to hw_server url TCP:localhost:3121
current_hw_target [get_hw_targets */xilinx_tcf/Digilent/210292746677A]
set_property PARAM.FREQUENCY 15000000 [get_hw_targets */xilinx_tcf/Digilent/210292746677A]
open_hw_target
INFO: [Labtoolstcl 44-466] Opening hw_target localhost:3121/xilinx_tcf/Digilent/210292746677A
set_property PROGRAM.FILE {C:/Users/Administrator/Desktop/CurriculumDesign-PrinciplesOfComputerOrganization-master/single_circle/cpu.runs/impl_1/TopLayer.bit} [lindex [get_hw_devices] 0]
current_hw_device [lindex [get_hw_devices] 0]
refresh_hw_device -update_hw_probes false [lindex [get_hw_devices] 0]
INFO: [Labtools 27-1434] Device xc7a100t (JTAG device index = 0) is programmed with a design that has no supported debug core(s) in it.
WARNING: [Labtools 27-3123] The debug hub core was not detected at User Scan Chain 1 or 3.
Resolution: 
1. Make sure the clock connected to the debug hub (dbg_hub) core is a free running clock and is active OR
2. Manually launch hw_server with -e "set xsdb-user-bscan <C_USER_SCAN_CHAIN scan_chain_number>" to detect the debug hub at User Scan Chain of 2 or 4. To determine the user scan chain setting, open the implemented design and use: get_property C_USER_SCAN_CHAIN [get_debug_cores dbg_hub].
set_property PROBES.FILE {} [lindex [get_hw_devices] 0]
set_property PROGRAM.FILE {C:/Users/Administrator/Desktop/CurriculumDesign-PrinciplesOfComputerOrganization-master/single_circle/cpu.runs/impl_1/TopLayer.bit} [lindex [get_hw_devices] 0]
program_hw_devices [lindex [get_hw_devices] 0]
INFO: [Labtools 27-3164] End of startup status: HIGH
refresh_hw_device [lindex [get_hw_devices] 0]
INFO: [Labtools 27-1434] Device xc7a100t (JTAG device index = 0) is programmed with a design that has no supported debug core(s) in it.
WARNING: [Labtools 27-3123] The debug hub core was not detected at User Scan Chain 1 or 3.
Resolution: 
1. Make sure the clock connected to the debug hub (dbg_hub) core is a free running clock and is active OR
2. Manually launch hw_server with -e "set xsdb-user-bscan <C_USER_SCAN_CHAIN scan_chain_number>" to detect the debug hub at User Scan Chain of 2 or 4. To determine the user scan chain setting, open the implemented design and use: get_property C_USER_SCAN_CHAIN [get_debug_cores dbg_hub].
ERROR: [Labtools 27-3175] Target jsn-Nexys4DDR-210292746677A is no longer available.
Please use disconnect_hw_server to close the current server connection. Check cable connectivity and that the target board is powered up.
Restart the hw_server application running on host localhost, port 3121 and then use connect_hw_server to re-establish connection to target.
close_hw_target
INFO: [Labtoolstcl 44-464] Closing hw_target localhost:3121/xilinx_tcf/Digilent/210292746677A
exit
INFO: [Common 17-206] Exiting Vivado at Thu Feb 21 12:05:32 2019...
