#-----------------------------------------------------------
# Vivado v2018.1 (64-bit)
# SW Build 2188600 on Wed Apr  4 18:40:38 MDT 2018
# IP Build 2185939 on Wed Apr  4 20:55:05 MDT 2018
# Start of session at: Wed Feb 27 15:29:16 2019
# Process ID: 9536
# Current directory: C:/Users/Asus/Desktop/贝加尔湖钓鲑鱼队/网上资源/CurriculumDesign-PrinciplesOfComputerOrganization-master/redirect/project_1
# Command line: vivado.exe -gui_launcher_event rodinguilauncherevent16632 C:\Users\Asus\Desktop\贝加尔湖钓鲑鱼队\网上资源\CurriculumDesign-PrinciplesOfComputerOrganization-master\redirect\project_1\project_1.xpr
# Log file: C:/Users/Asus/Desktop/贝加尔湖钓鲑鱼队/网上资源/CurriculumDesign-PrinciplesOfComputerOrganization-master/redirect/project_1/vivado.log
# Journal file: C:/Users/Asus/Desktop/贝加尔湖钓鲑鱼队/网上资源/CurriculumDesign-PrinciplesOfComputerOrganization-master/redirect/project_1\vivado.jou
#-----------------------------------------------------------
start_gui
open_project C:/Users/Asus/Desktop/贝加尔湖钓鲑鱼队/网上资源/CurriculumDesign-PrinciplesOfComputerOrganization-master/redirect/project_1/project_1.xpr
INFO: [ProjectBase 1-489] The host OS only allows 260 characters in a normal path. The project is stored in a path with more than 80 characters. If you experience issues with IP, Block Designs, or files not being found, please consider moving the project to a location with a shorter path. Alternately consider using the OS subst command to map part of the path to a drive letter.
Current project path is 'C:/Users/Asus/Desktop/贝加尔湖钓鲑鱼队/网上资源/CurriculumDesign-PrinciplesOfComputerOrganization-master/redirect/project_1'
INFO: [Project 1-313] Project file moved from 'C:/Users/ASUS/Desktop/zyks/redirect/project_1' since last save.
Scanning sources...
Finished scanning sources
WARNING: [Project 1-509] GeneratedRun file for 'synth_1' not found
WARNING: [Project 1-509] GeneratedRun file for 'impl_1' not found
INFO: [Project 1-230] Project 'project_1.xpr' upgraded for this version of Vivado.
INFO: [IP_Flow 19-234] Refreshing IP repositories
INFO: [IP_Flow 19-1704] No user IP repositories specified
INFO: [IP_Flow 19-2313] Loaded Vivado IP repository 'F:/vivado/Vivado/2018.1/data/ip'.
open_project: Time (s): cpu = 00:00:19 ; elapsed = 00:00:18 . Memory (MB): peak = 831.871 ; gain = 164.793
update_compile_order -fileset sources_1
launch_runs impl_1 -to_step write_bitstream -jobs 2
[Wed Feb 27 15:31:12 2019] Launched synth_1...
Run output will be captured here: C:/Users/Asus/Desktop/贝加尔湖钓鲑鱼队/网上资源/CurriculumDesign-PrinciplesOfComputerOrganization-master/redirect/project_1/project_1.runs/synth_1/runme.log
[Wed Feb 27 15:31:12 2019] Launched impl_1...
Run output will be captured here: C:/Users/Asus/Desktop/贝加尔湖钓鲑鱼队/网上资源/CurriculumDesign-PrinciplesOfComputerOrganization-master/redirect/project_1/project_1.runs/impl_1/runme.log
reset_run synth_1
launch_runs impl_1 -to_step write_bitstream -jobs 2
[Wed Feb 27 15:34:05 2019] Launched synth_1...
Run output will be captured here: C:/Users/Asus/Desktop/贝加尔湖钓鲑鱼队/网上资源/CurriculumDesign-PrinciplesOfComputerOrganization-master/redirect/project_1/project_1.runs/synth_1/runme.log
[Wed Feb 27 15:34:05 2019] Launched impl_1...
Run output will be captured here: C:/Users/Asus/Desktop/贝加尔湖钓鲑鱼队/网上资源/CurriculumDesign-PrinciplesOfComputerOrganization-master/redirect/project_1/project_1.runs/impl_1/runme.log
close_project
create_project project_zhangxin C:/Users/Asus/Desktop/project_zhangxin -part xc7a100tcsg324-1
INFO: [IP_Flow 19-234] Refreshing IP repositories
INFO: [IP_Flow 19-1704] No user IP repositories specified
INFO: [IP_Flow 19-2313] Loaded Vivado IP repository 'F:/vivado/Vivado/2018.1/data/ip'.
create_project: Time (s): cpu = 00:00:09 ; elapsed = 00:00:08 . Memory (MB): peak = 862.031 ; gain = 10.145
add_files {C:/Users/Asus/Desktop/贝加尔湖钓鲑鱼队/网上资源/CurriculumDesign-PrinciplesOfComputerOrganization-master/redirect/project_1/project_1.srcs/sources_1/new/syacall.v C:/Users/Asus/Desktop/贝加尔湖钓鲑鱼队/网上资源/CurriculumDesign-PrinciplesOfComputerOrganization-master/redirect/project_1/project_1.srcs/sources_1/new/MEM-WB.v C:/Users/Asus/Desktop/贝加尔湖钓鲑鱼队/网上资源/CurriculumDesign-PrinciplesOfComputerOrganization-master/redirect/project_1/project_1.srcs/sources_1/new/IM.v C:/Users/Asus/Desktop/贝加尔湖钓鲑鱼队/网上资源/CurriculumDesign-PrinciplesOfComputerOrganization-master/redirect/project_1/project_1.srcs/sources_1/new/alu.v C:/Users/Asus/Desktop/贝加尔湖钓鲑鱼队/网上资源/CurriculumDesign-PrinciplesOfComputerOrganization-master/redirect/project_1/project_1.srcs/sources_1/new/halt.v C:/Users/Asus/Desktop/贝加尔湖钓鲑鱼队/网上资源/CurriculumDesign-PrinciplesOfComputerOrganization-master/redirect/project_1/project_1.srcs/sources_1/new/RegFileRead.v C:/Users/Asus/Desktop/贝加尔湖钓鲑鱼队/网上资源/CurriculumDesign-PrinciplesOfComputerOrganization-master/redirect/project_1/project_1.srcs/sources_1/new/ctrl3.v C:/Users/Asus/Desktop/贝加尔湖钓鲑鱼队/网上资源/CurriculumDesign-PrinciplesOfComputerOrganization-master/redirect/project_1/project_1.srcs/sources_1/new/DM.v C:/Users/Asus/Desktop/贝加尔湖钓鲑鱼队/网上资源/CurriculumDesign-PrinciplesOfComputerOrganization-master/redirect/project_1/project_1.srcs/sources_1/new/ctrl4.v C:/Users/Asus/Desktop/贝加尔湖钓鲑鱼队/网上资源/CurriculumDesign-PrinciplesOfComputerOrganization-master/redirect/project_1/project_1.srcs/sources_1/new/decodShowInDisplay.v C:/Users/Asus/Desktop/贝加尔湖钓鲑鱼队/网上资源/CurriculumDesign-PrinciplesOfComputerOrganization-master/redirect/project_1/project_1.srcs/sources_1/new/ctrl5.v C:/Users/Asus/Desktop/贝加尔湖钓鲑鱼队/网上资源/CurriculumDesign-PrinciplesOfComputerOrganization-master/redirect/project_1/project_1.srcs/sources_1/new/divider.v C:/Users/Asus/Desktop/贝加尔湖钓鲑鱼队/网上资源/CurriculumDesign-PrinciplesOfComputerOrganization-master/redirect/project_1/project_1.srcs/sources_1/new/ID-EX.v C:/Users/Asus/Desktop/贝加尔湖钓鲑鱼队/网上资源/CurriculumDesign-PrinciplesOfComputerOrganization-master/redirect/project_1/project_1.srcs/sources_1/new/regfile.v C:/Users/Asus/Desktop/贝加尔湖钓鲑鱼队/网上资源/CurriculumDesign-PrinciplesOfComputerOrganization-master/redirect/project_1/project_1.srcs/sources_1/new/buffer.v C:/Users/Asus/Desktop/贝加尔湖钓鲑鱼队/网上资源/CurriculumDesign-PrinciplesOfComputerOrganization-master/redirect/project_1/project_1.srcs/sources_1/new/controll.v C:/Users/Asus/Desktop/贝加尔湖钓鲑鱼队/网上资源/CurriculumDesign-PrinciplesOfComputerOrganization-master/redirect/project_1/project_1.srcs/sources_1/new/loaduse.v C:/Users/Asus/Desktop/贝加尔湖钓鲑鱼队/网上资源/CurriculumDesign-PrinciplesOfComputerOrganization-master/redirect/project_1/project_1.srcs/sources_1/new/IR_Extern.v C:/Users/Asus/Desktop/贝加尔湖钓鲑鱼队/网上资源/CurriculumDesign-PrinciplesOfComputerOrganization-master/redirect/project_1/project_1.srcs/sources_1/new/RegFileWrite.v C:/Users/Asus/Desktop/贝加尔湖钓鲑鱼队/网上资源/CurriculumDesign-PrinciplesOfComputerOrganization-master/redirect/project_1/project_1.srcs/sources_1/new/TopLayer.v C:/Users/Asus/Desktop/贝加尔湖钓鲑鱼队/网上资源/CurriculumDesign-PrinciplesOfComputerOrganization-master/redirect/project_1/project_1.srcs/sources_1/new/ctrl2.v C:/Users/Asus/Desktop/贝加尔湖钓鲑鱼队/网上资源/CurriculumDesign-PrinciplesOfComputerOrganization-master/redirect/project_1/project_1.srcs/sources_1/new/IF-ID.v C:/Users/Asus/Desktop/贝加尔湖钓鲑鱼队/网上资源/CurriculumDesign-PrinciplesOfComputerOrganization-master/redirect/project_1/project_1.srcs/sources_1/new/RegFiletoALU.v C:/Users/Asus/Desktop/贝加尔湖钓鲑鱼队/网上资源/CurriculumDesign-PrinciplesOfComputerOrganization-master/redirect/project_1/project_1.srcs/sources_1/new/SwitchFrequency.v C:/Users/Asus/Desktop/贝加尔湖钓鲑鱼队/网上资源/CurriculumDesign-PrinciplesOfComputerOrganization-master/redirect/project_1/project_1.srcs/sources_1/new/redirect.v C:/Users/Asus/Desktop/贝加尔湖钓鲑鱼队/网上资源/CurriculumDesign-PrinciplesOfComputerOrganization-master/redirect/project_1/project_1.srcs/sources_1/new/pc.v C:/Users/Asus/Desktop/贝加尔湖钓鲑鱼队/网上资源/CurriculumDesign-PrinciplesOfComputerOrganization-master/redirect/project_1/project_1.srcs/sources_1/new/branch_halt.v C:/Users/Asus/Desktop/贝加尔湖钓鲑鱼队/网上资源/CurriculumDesign-PrinciplesOfComputerOrganization-master/redirect/project_1/project_1.srcs/sources_1/new/counter.v C:/Users/Asus/Desktop/贝加尔湖钓鲑鱼队/网上资源/CurriculumDesign-PrinciplesOfComputerOrganization-master/redirect/project_1/project_1.srcs/sources_1/new/npc.v C:/Users/Asus/Desktop/贝加尔湖钓鲑鱼队/网上资源/CurriculumDesign-PrinciplesOfComputerOrganization-master/redirect/project_1/project_1.srcs/sources_1/new/EX-MEM.v}
import_files -force
INFO: [filemgmt 20-348] Importing the appropriate files for fileset: 'sources_1'
import_files -fileset constrs_1 -force -norecurse C:/Users/Asus/Desktop/贝加尔湖钓鲑鱼队/网上资源/CurriculumDesign-PrinciplesOfComputerOrganization-master/redirect/project_1/project_1.srcs/constrs_1/new/constraint.xdc
update_compile_order -fileset sources_1
launch_runs impl_1 -to_step write_bitstream -jobs 2
[Wed Feb 27 15:47:09 2019] Launched synth_1...
Run output will be captured here: C:/Users/Asus/Desktop/project_zhangxin/project_zhangxin.runs/synth_1/runme.log
[Wed Feb 27 15:47:09 2019] Launched impl_1...
Run output will be captured here: C:/Users/Asus/Desktop/project_zhangxin/project_zhangxin.runs/impl_1/runme.log
exit
INFO: [Common 17-206] Exiting Vivado at Wed Feb 27 19:02:21 2019...
