
*** Running vivado
    with args -log TopLayer.vds -m64 -product Vivado -mode batch -messageDb vivado.pb -notrace -source TopLayer.tcl


****** Vivado v2018.3 (64-bit)
  **** SW Build 2405991 on Thu Dec  6 23:36:41 MST 2018
  **** IP Build 2404404 on Fri Dec  7 01:43:56 MST 2018
    ** Copyright 1986-2018 Xilinx, Inc. All Rights Reserved.

source TopLayer.tcl -notrace
Command: synth_design -top TopLayer -part xc7a100tcsg324-1
Starting synth_design
Attempting to get a license for feature 'Synthesis' and/or device 'xc7a100t'
INFO: [Common 17-349] Got license for feature 'Synthesis' and/or device 'xc7a100t'
INFO: Launching helper process for spawning children vivado processes
INFO: Helper process launched with PID 15408 
---------------------------------------------------------------------------------
Starting RTL Elaboration : Time (s): cpu = 00:00:02 ; elapsed = 00:00:02 . Memory (MB): peak = 1392.441 ; gain = 88.707 ; free physical = 156 ; free virtual = 9464
---------------------------------------------------------------------------------
INFO: [Synth 8-6157] synthesizing module 'TopLayer' [/home/hover/Desktop/Labs/HUST_ComputerOrgernization_CourseDesign/Others/NH/CurriculumDesign-PrinciplesOfComputerOrganization-master/single_circle/cpu.srcs/sources_1/new/TopLayer.v:1]
INFO: [Synth 8-6157] synthesizing module 'halt' [/home/hover/Desktop/Labs/HUST_ComputerOrgernization_CourseDesign/Others/NH/CurriculumDesign-PrinciplesOfComputerOrganization-master/single_circle/cpu.srcs/sources_1/new/halt.v:1]
INFO: [Synth 8-6155] done synthesizing module 'halt' (1#1) [/home/hover/Desktop/Labs/HUST_ComputerOrgernization_CourseDesign/Others/NH/CurriculumDesign-PrinciplesOfComputerOrganization-master/single_circle/cpu.srcs/sources_1/new/halt.v:1]
INFO: [Synth 8-6157] synthesizing module 'display2' [/home/hover/Desktop/Labs/HUST_ComputerOrgernization_CourseDesign/Others/NH/CurriculumDesign-PrinciplesOfComputerOrganization-master/single_circle/cpu.srcs/sources_1/new/decodShowInDisplay.v:1]
INFO: [Synth 8-226] default block is never used [/home/hover/Desktop/Labs/HUST_ComputerOrgernization_CourseDesign/Others/NH/CurriculumDesign-PrinciplesOfComputerOrganization-master/single_circle/cpu.srcs/sources_1/new/decodShowInDisplay.v:147]
WARNING: [Synth 8-6014] Unused sequential element temp2_reg was removed.  [/home/hover/Desktop/Labs/HUST_ComputerOrgernization_CourseDesign/Others/NH/CurriculumDesign-PrinciplesOfComputerOrganization-master/single_circle/cpu.srcs/sources_1/new/decodShowInDisplay.v:39]
WARNING: [Synth 8-6014] Unused sequential element temp_reg was removed.  [/home/hover/Desktop/Labs/HUST_ComputerOrgernization_CourseDesign/Others/NH/CurriculumDesign-PrinciplesOfComputerOrganization-master/single_circle/cpu.srcs/sources_1/new/decodShowInDisplay.v:52]
WARNING: [Synth 8-6014] Unused sequential element Show_Temp_reg was removed.  [/home/hover/Desktop/Labs/HUST_ComputerOrgernization_CourseDesign/Others/NH/CurriculumDesign-PrinciplesOfComputerOrganization-master/single_circle/cpu.srcs/sources_1/new/decodShowInDisplay.v:40]
INFO: [Synth 8-6155] done synthesizing module 'display2' (2#1) [/home/hover/Desktop/Labs/HUST_ComputerOrgernization_CourseDesign/Others/NH/CurriculumDesign-PrinciplesOfComputerOrganization-master/single_circle/cpu.srcs/sources_1/new/decodShowInDisplay.v:1]
INFO: [Synth 8-6157] synthesizing module 'divider' [/home/hover/Desktop/Labs/HUST_ComputerOrgernization_CourseDesign/Others/NH/CurriculumDesign-PrinciplesOfComputerOrganization-master/single_circle/cpu.srcs/sources_1/new/divider.v:5]
	Parameter N bound to: 100000 - type: integer 
INFO: [Synth 8-6155] done synthesizing module 'divider' (3#1) [/home/hover/Desktop/Labs/HUST_ComputerOrgernization_CourseDesign/Others/NH/CurriculumDesign-PrinciplesOfComputerOrganization-master/single_circle/cpu.srcs/sources_1/new/divider.v:5]
INFO: [Synth 8-6157] synthesizing module 'SwitchFreq' [/home/hover/Desktop/Labs/HUST_ComputerOrgernization_CourseDesign/Others/NH/CurriculumDesign-PrinciplesOfComputerOrganization-master/single_circle/cpu.srcs/sources_1/new/SwitchFrequency.v:1]
INFO: [Synth 8-6157] synthesizing module 'divider_' [/home/hover/Desktop/Labs/HUST_ComputerOrgernization_CourseDesign/Others/NH/CurriculumDesign-PrinciplesOfComputerOrganization-master/single_circle/cpu.srcs/sources_1/new/SwitchFrequency.v:28]
	Parameter N bound to: 100000 - type: integer 
INFO: [Synth 8-6155] done synthesizing module 'divider_' (4#1) [/home/hover/Desktop/Labs/HUST_ComputerOrgernization_CourseDesign/Others/NH/CurriculumDesign-PrinciplesOfComputerOrganization-master/single_circle/cpu.srcs/sources_1/new/SwitchFrequency.v:28]
INFO: [Synth 8-6157] synthesizing module 'divider___parameterized0' [/home/hover/Desktop/Labs/HUST_ComputerOrgernization_CourseDesign/Others/NH/CurriculumDesign-PrinciplesOfComputerOrganization-master/single_circle/cpu.srcs/sources_1/new/SwitchFrequency.v:28]
	Parameter N bound to: 10000000 - type: integer 
INFO: [Synth 8-6155] done synthesizing module 'divider___parameterized0' (4#1) [/home/hover/Desktop/Labs/HUST_ComputerOrgernization_CourseDesign/Others/NH/CurriculumDesign-PrinciplesOfComputerOrganization-master/single_circle/cpu.srcs/sources_1/new/SwitchFrequency.v:28]
INFO: [Synth 8-6155] done synthesizing module 'SwitchFreq' (5#1) [/home/hover/Desktop/Labs/HUST_ComputerOrgernization_CourseDesign/Others/NH/CurriculumDesign-PrinciplesOfComputerOrganization-master/single_circle/cpu.srcs/sources_1/new/SwitchFrequency.v:1]
INFO: [Synth 8-6157] synthesizing module 'controller' [/home/hover/Desktop/Labs/HUST_ComputerOrgernization_CourseDesign/Others/NH/CurriculumDesign-PrinciplesOfComputerOrganization-master/single_circle/cpu.srcs/sources_1/new/controller.v:1]
WARNING: [Synth 8-3848] Net lui in module/entity controller does not have driver. [/home/hover/Desktop/Labs/HUST_ComputerOrgernization_CourseDesign/Others/NH/CurriculumDesign-PrinciplesOfComputerOrganization-master/single_circle/cpu.srcs/sources_1/new/controller.v:27]
INFO: [Synth 8-6155] done synthesizing module 'controller' (6#1) [/home/hover/Desktop/Labs/HUST_ComputerOrgernization_CourseDesign/Others/NH/CurriculumDesign-PrinciplesOfComputerOrganization-master/single_circle/cpu.srcs/sources_1/new/controller.v:1]
INFO: [Synth 8-6157] synthesizing module 'regfile' [/home/hover/Desktop/Labs/HUST_ComputerOrgernization_CourseDesign/Others/NH/CurriculumDesign-PrinciplesOfComputerOrganization-master/single_circle/cpu.srcs/sources_1/new/regfile.v:1]
INFO: [Synth 8-6155] done synthesizing module 'regfile' (7#1) [/home/hover/Desktop/Labs/HUST_ComputerOrgernization_CourseDesign/Others/NH/CurriculumDesign-PrinciplesOfComputerOrganization-master/single_circle/cpu.srcs/sources_1/new/regfile.v:1]
INFO: [Synth 8-6157] synthesizing module 'instruDecoder' [/home/hover/Desktop/Labs/HUST_ComputerOrgernization_CourseDesign/Others/NH/CurriculumDesign-PrinciplesOfComputerOrganization-master/single_circle/cpu.srcs/sources_1/new/insturctionDecoder.v:3]
INFO: [Synth 8-6155] done synthesizing module 'instruDecoder' (8#1) [/home/hover/Desktop/Labs/HUST_ComputerOrgernization_CourseDesign/Others/NH/CurriculumDesign-PrinciplesOfComputerOrganization-master/single_circle/cpu.srcs/sources_1/new/insturctionDecoder.v:3]
INFO: [Synth 8-6157] synthesizing module 'ALU' [/home/hover/Desktop/Labs/HUST_ComputerOrgernization_CourseDesign/Others/NH/CurriculumDesign-PrinciplesOfComputerOrganization-master/single_circle/cpu.srcs/sources_1/new/ALU.v:1]
INFO: [Synth 8-6155] done synthesizing module 'ALU' (9#1) [/home/hover/Desktop/Labs/HUST_ComputerOrgernization_CourseDesign/Others/NH/CurriculumDesign-PrinciplesOfComputerOrganization-master/single_circle/cpu.srcs/sources_1/new/ALU.v:1]
WARNING: [Synth 8-350] instance '_alu' of module 'ALU' requires 8 connections, but only 5 given [/home/hover/Desktop/Labs/HUST_ComputerOrgernization_CourseDesign/Others/NH/CurriculumDesign-PrinciplesOfComputerOrganization-master/single_circle/cpu.srcs/sources_1/new/TopLayer.v:87]
INFO: [Synth 8-6157] synthesizing module 'npc' [/home/hover/Desktop/Labs/HUST_ComputerOrgernization_CourseDesign/Others/NH/CurriculumDesign-PrinciplesOfComputerOrganization-master/single_circle/cpu.srcs/sources_1/new/npc.v:2]
INFO: [Synth 8-6155] done synthesizing module 'npc' (10#1) [/home/hover/Desktop/Labs/HUST_ComputerOrgernization_CourseDesign/Others/NH/CurriculumDesign-PrinciplesOfComputerOrganization-master/single_circle/cpu.srcs/sources_1/new/npc.v:2]
INFO: [Synth 8-6157] synthesizing module 'pc' [/home/hover/Desktop/Labs/HUST_ComputerOrgernization_CourseDesign/Others/NH/CurriculumDesign-PrinciplesOfComputerOrganization-master/single_circle/cpu.srcs/sources_1/new/pc.v:2]
INFO: [Synth 8-6155] done synthesizing module 'pc' (11#1) [/home/hover/Desktop/Labs/HUST_ComputerOrgernization_CourseDesign/Others/NH/CurriculumDesign-PrinciplesOfComputerOrganization-master/single_circle/cpu.srcs/sources_1/new/pc.v:2]
INFO: [Synth 8-6157] synthesizing module 'counter' [/home/hover/Desktop/Labs/HUST_ComputerOrgernization_CourseDesign/Others/NH/CurriculumDesign-PrinciplesOfComputerOrganization-master/single_circle/cpu.srcs/sources_1/new/counter.v:2]
INFO: [Synth 8-6155] done synthesizing module 'counter' (12#1) [/home/hover/Desktop/Labs/HUST_ComputerOrgernization_CourseDesign/Others/NH/CurriculumDesign-PrinciplesOfComputerOrganization-master/single_circle/cpu.srcs/sources_1/new/counter.v:2]
INFO: [Synth 8-6157] synthesizing module 'display' [/home/hover/Desktop/Labs/HUST_ComputerOrgernization_CourseDesign/Others/NH/CurriculumDesign-PrinciplesOfComputerOrganization-master/single_circle/cpu.srcs/sources_1/new/display.v:1]
WARNING: [Synth 8-6014] Unused sequential element enable_reg was removed.  [/home/hover/Desktop/Labs/HUST_ComputerOrgernization_CourseDesign/Others/NH/CurriculumDesign-PrinciplesOfComputerOrganization-master/single_circle/cpu.srcs/sources_1/new/display.v:10]
INFO: [Synth 8-6155] done synthesizing module 'display' (13#1) [/home/hover/Desktop/Labs/HUST_ComputerOrgernization_CourseDesign/Others/NH/CurriculumDesign-PrinciplesOfComputerOrganization-master/single_circle/cpu.srcs/sources_1/new/display.v:1]
INFO: [Synth 8-6157] synthesizing module 'RegFileRead' [/home/hover/Desktop/Labs/HUST_ComputerOrgernization_CourseDesign/Others/NH/CurriculumDesign-PrinciplesOfComputerOrganization-master/single_circle/cpu.srcs/sources_1/new/RegFileRead.v:1]
INFO: [Synth 8-226] default block is never used [/home/hover/Desktop/Labs/HUST_ComputerOrgernization_CourseDesign/Others/NH/CurriculumDesign-PrinciplesOfComputerOrganization-master/single_circle/cpu.srcs/sources_1/new/RegFileRead.v:14]
INFO: [Synth 8-226] default block is never used [/home/hover/Desktop/Labs/HUST_ComputerOrgernization_CourseDesign/Others/NH/CurriculumDesign-PrinciplesOfComputerOrganization-master/single_circle/cpu.srcs/sources_1/new/RegFileRead.v:34]
INFO: [Synth 8-6155] done synthesizing module 'RegFileRead' (14#1) [/home/hover/Desktop/Labs/HUST_ComputerOrgernization_CourseDesign/Others/NH/CurriculumDesign-PrinciplesOfComputerOrganization-master/single_circle/cpu.srcs/sources_1/new/RegFileRead.v:1]
INFO: [Synth 8-6157] synthesizing module 'RegFileWrite' [/home/hover/Desktop/Labs/HUST_ComputerOrgernization_CourseDesign/Others/NH/CurriculumDesign-PrinciplesOfComputerOrganization-master/single_circle/cpu.srcs/sources_1/new/RegFileWrite.v:1]
INFO: [Synth 8-6155] done synthesizing module 'RegFileWrite' (15#1) [/home/hover/Desktop/Labs/HUST_ComputerOrgernization_CourseDesign/Others/NH/CurriculumDesign-PrinciplesOfComputerOrganization-master/single_circle/cpu.srcs/sources_1/new/RegFileWrite.v:1]
INFO: [Synth 8-6157] synthesizing module 'RegFiletoALU' [/home/hover/Desktop/Labs/HUST_ComputerOrgernization_CourseDesign/Others/NH/CurriculumDesign-PrinciplesOfComputerOrganization-master/single_circle/cpu.srcs/sources_1/new/RegFiletoALU.v:1]
INFO: [Synth 8-226] default block is never used [/home/hover/Desktop/Labs/HUST_ComputerOrgernization_CourseDesign/Others/NH/CurriculumDesign-PrinciplesOfComputerOrganization-master/single_circle/cpu.srcs/sources_1/new/RegFiletoALU.v:12]
INFO: [Synth 8-226] default block is never used [/home/hover/Desktop/Labs/HUST_ComputerOrgernization_CourseDesign/Others/NH/CurriculumDesign-PrinciplesOfComputerOrganization-master/single_circle/cpu.srcs/sources_1/new/RegFiletoALU.v:24]
INFO: [Synth 8-6155] done synthesizing module 'RegFiletoALU' (16#1) [/home/hover/Desktop/Labs/HUST_ComputerOrgernization_CourseDesign/Others/NH/CurriculumDesign-PrinciplesOfComputerOrganization-master/single_circle/cpu.srcs/sources_1/new/RegFiletoALU.v:1]
INFO: [Synth 8-6157] synthesizing module 'extend' [/home/hover/Desktop/Labs/HUST_ComputerOrgernization_CourseDesign/Others/NH/CurriculumDesign-PrinciplesOfComputerOrganization-master/single_circle/cpu.srcs/sources_1/new/extend.v:1]
INFO: [Synth 8-226] default block is never used [/home/hover/Desktop/Labs/HUST_ComputerOrgernization_CourseDesign/Others/NH/CurriculumDesign-PrinciplesOfComputerOrganization-master/single_circle/cpu.srcs/sources_1/new/extend.v:16]
INFO: [Synth 8-226] default block is never used [/home/hover/Desktop/Labs/HUST_ComputerOrgernization_CourseDesign/Others/NH/CurriculumDesign-PrinciplesOfComputerOrganization-master/single_circle/cpu.srcs/sources_1/new/extend.v:37]
WARNING: [Synth 8-567] referenced signal 'v' should be on the sensitivity list [/home/hover/Desktop/Labs/HUST_ComputerOrgernization_CourseDesign/Others/NH/CurriculumDesign-PrinciplesOfComputerOrganization-master/single_circle/cpu.srcs/sources_1/new/extend.v:13]
WARNING: [Synth 8-567] referenced signal 'ra' should be on the sensitivity list [/home/hover/Desktop/Labs/HUST_ComputerOrgernization_CourseDesign/Others/NH/CurriculumDesign-PrinciplesOfComputerOrganization-master/single_circle/cpu.srcs/sources_1/new/extend.v:13]
INFO: [Synth 8-6155] done synthesizing module 'extend' (17#1) [/home/hover/Desktop/Labs/HUST_ComputerOrgernization_CourseDesign/Others/NH/CurriculumDesign-PrinciplesOfComputerOrganization-master/single_circle/cpu.srcs/sources_1/new/extend.v:1]
INFO: [Synth 8-6157] synthesizing module 'IM' [/home/hover/Desktop/Labs/HUST_ComputerOrgernization_CourseDesign/Others/NH/CurriculumDesign-PrinciplesOfComputerOrganization-master/single_circle/cpu.srcs/sources_1/new/IM.v:2]
INFO: [Synth 8-3876] $readmem data file '/home/hover/Desktop/Labs/HUST_ComputerOrgernization_CourseDesign/tools/benchmark_ccmb_vivado.hex' is read successfully [/home/hover/Desktop/Labs/HUST_ComputerOrgernization_CourseDesign/Others/NH/CurriculumDesign-PrinciplesOfComputerOrganization-master/single_circle/cpu.srcs/sources_1/new/IM.v:10]
INFO: [Synth 8-6155] done synthesizing module 'IM' (18#1) [/home/hover/Desktop/Labs/HUST_ComputerOrgernization_CourseDesign/Others/NH/CurriculumDesign-PrinciplesOfComputerOrganization-master/single_circle/cpu.srcs/sources_1/new/IM.v:2]
INFO: [Synth 8-6157] synthesizing module 'DM' [/home/hover/Desktop/Labs/HUST_ComputerOrgernization_CourseDesign/Others/NH/CurriculumDesign-PrinciplesOfComputerOrganization-master/single_circle/cpu.srcs/sources_1/new/DM.v:1]
INFO: [Synth 8-6155] done synthesizing module 'DM' (19#1) [/home/hover/Desktop/Labs/HUST_ComputerOrgernization_CourseDesign/Others/NH/CurriculumDesign-PrinciplesOfComputerOrganization-master/single_circle/cpu.srcs/sources_1/new/DM.v:1]
INFO: [Synth 8-6155] done synthesizing module 'TopLayer' (20#1) [/home/hover/Desktop/Labs/HUST_ComputerOrgernization_CourseDesign/Others/NH/CurriculumDesign-PrinciplesOfComputerOrganization-master/single_circle/cpu.srcs/sources_1/new/TopLayer.v:1]
WARNING: [Synth 8-3331] design DM has unconnected port addr[31]
WARNING: [Synth 8-3331] design DM has unconnected port addr[30]
WARNING: [Synth 8-3331] design DM has unconnected port addr[29]
WARNING: [Synth 8-3331] design DM has unconnected port addr[28]
WARNING: [Synth 8-3331] design DM has unconnected port addr[27]
WARNING: [Synth 8-3331] design DM has unconnected port addr[26]
WARNING: [Synth 8-3331] design DM has unconnected port addr[25]
WARNING: [Synth 8-3331] design DM has unconnected port addr[24]
WARNING: [Synth 8-3331] design DM has unconnected port addr[23]
WARNING: [Synth 8-3331] design DM has unconnected port addr[22]
WARNING: [Synth 8-3331] design DM has unconnected port addr[21]
WARNING: [Synth 8-3331] design DM has unconnected port addr[20]
WARNING: [Synth 8-3331] design DM has unconnected port addr[19]
WARNING: [Synth 8-3331] design DM has unconnected port addr[18]
WARNING: [Synth 8-3331] design DM has unconnected port addr[17]
WARNING: [Synth 8-3331] design DM has unconnected port addr[16]
WARNING: [Synth 8-3331] design DM has unconnected port addr[15]
WARNING: [Synth 8-3331] design DM has unconnected port addr[14]
WARNING: [Synth 8-3331] design DM has unconnected port addr[13]
WARNING: [Synth 8-3331] design DM has unconnected port addr[12]
WARNING: [Synth 8-3331] design DM has unconnected port mode[3]
WARNING: [Synth 8-3331] design DM has unconnected port mode[1]
WARNING: [Synth 8-3331] design IM has unconnected port pc[31]
WARNING: [Synth 8-3331] design IM has unconnected port pc[30]
WARNING: [Synth 8-3331] design IM has unconnected port pc[29]
WARNING: [Synth 8-3331] design IM has unconnected port pc[28]
WARNING: [Synth 8-3331] design IM has unconnected port pc[27]
WARNING: [Synth 8-3331] design IM has unconnected port pc[26]
WARNING: [Synth 8-3331] design IM has unconnected port pc[25]
WARNING: [Synth 8-3331] design IM has unconnected port pc[24]
WARNING: [Synth 8-3331] design IM has unconnected port pc[23]
WARNING: [Synth 8-3331] design IM has unconnected port pc[22]
WARNING: [Synth 8-3331] design IM has unconnected port pc[21]
WARNING: [Synth 8-3331] design IM has unconnected port pc[20]
WARNING: [Synth 8-3331] design IM has unconnected port pc[19]
WARNING: [Synth 8-3331] design IM has unconnected port pc[18]
WARNING: [Synth 8-3331] design IM has unconnected port pc[17]
WARNING: [Synth 8-3331] design IM has unconnected port pc[16]
WARNING: [Synth 8-3331] design IM has unconnected port pc[15]
WARNING: [Synth 8-3331] design IM has unconnected port pc[14]
WARNING: [Synth 8-3331] design IM has unconnected port pc[13]
WARNING: [Synth 8-3331] design IM has unconnected port pc[12]
WARNING: [Synth 8-3331] design IM has unconnected port pc[1]
WARNING: [Synth 8-3331] design IM has unconnected port pc[0]
WARNING: [Synth 8-3331] design extend has unconnected port ra[31]
WARNING: [Synth 8-3331] design extend has unconnected port ra[30]
WARNING: [Synth 8-3331] design extend has unconnected port ra[29]
WARNING: [Synth 8-3331] design extend has unconnected port ra[28]
WARNING: [Synth 8-3331] design extend has unconnected port ra[27]
WARNING: [Synth 8-3331] design extend has unconnected port ra[26]
WARNING: [Synth 8-3331] design extend has unconnected port ra[25]
WARNING: [Synth 8-3331] design extend has unconnected port ra[24]
WARNING: [Synth 8-3331] design extend has unconnected port ra[23]
WARNING: [Synth 8-3331] design extend has unconnected port ra[22]
WARNING: [Synth 8-3331] design extend has unconnected port ra[21]
WARNING: [Synth 8-3331] design extend has unconnected port ra[20]
WARNING: [Synth 8-3331] design extend has unconnected port ra[19]
WARNING: [Synth 8-3331] design extend has unconnected port ra[18]
WARNING: [Synth 8-3331] design extend has unconnected port ra[17]
WARNING: [Synth 8-3331] design extend has unconnected port ra[16]
WARNING: [Synth 8-3331] design extend has unconnected port ra[15]
WARNING: [Synth 8-3331] design extend has unconnected port ra[14]
WARNING: [Synth 8-3331] design extend has unconnected port ra[13]
WARNING: [Synth 8-3331] design extend has unconnected port ra[12]
WARNING: [Synth 8-3331] design extend has unconnected port ra[11]
WARNING: [Synth 8-3331] design extend has unconnected port ra[10]
WARNING: [Synth 8-3331] design extend has unconnected port ra[9]
WARNING: [Synth 8-3331] design extend has unconnected port ra[8]
WARNING: [Synth 8-3331] design extend has unconnected port ra[7]
WARNING: [Synth 8-3331] design extend has unconnected port ra[6]
WARNING: [Synth 8-3331] design extend has unconnected port ra[5]
WARNING: [Synth 8-3331] design display2 has unconnected port Pc[15]
WARNING: [Synth 8-3331] design display2 has unconnected port Pc[14]
WARNING: [Synth 8-3331] design display2 has unconnected port Pc[13]
WARNING: [Synth 8-3331] design display2 has unconnected port Pc[12]
WARNING: [Synth 8-3331] design display2 has unconnected port Pc[11]
WARNING: [Synth 8-3331] design display2 has unconnected port Pc[10]
---------------------------------------------------------------------------------
Finished RTL Elaboration : Time (s): cpu = 00:00:03 ; elapsed = 00:00:03 . Memory (MB): peak = 1440.191 ; gain = 136.457 ; free physical = 181 ; free virtual = 9470
---------------------------------------------------------------------------------

Report Check Netlist: 
+------+------------------+-------+---------+-------+------------------+
|      |Item              |Errors |Warnings |Status |Description       |
+------+------------------+-------+---------+-------+------------------+
|1     |multi_driven_nets |      0|        0|Passed |Multi driven nets |
+------+------------------+-------+---------+-------+------------------+
---------------------------------------------------------------------------------
Start Handling Custom Attributes
---------------------------------------------------------------------------------
---------------------------------------------------------------------------------
Finished Handling Custom Attributes : Time (s): cpu = 00:00:03 ; elapsed = 00:00:04 . Memory (MB): peak = 1440.191 ; gain = 136.457 ; free physical = 183 ; free virtual = 9472
---------------------------------------------------------------------------------
---------------------------------------------------------------------------------
Finished RTL Optimization Phase 1 : Time (s): cpu = 00:00:03 ; elapsed = 00:00:04 . Memory (MB): peak = 1440.191 ; gain = 136.457 ; free physical = 183 ; free virtual = 9472
---------------------------------------------------------------------------------
INFO: [Device 21-403] Loading part xc7a100tcsg324-1
INFO: [Project 1-570] Preparing netlist for logic optimization

Processing XDC Constraints
Initializing timing engine
Parsing XDC File [/home/hover/Desktop/Labs/HUST_ComputerOrgernization_CourseDesign/Others/NH/CurriculumDesign-PrinciplesOfComputerOrganization-master/single_circle/cpu.srcs/constrs_1/new/constraint.xdc]
Finished Parsing XDC File [/home/hover/Desktop/Labs/HUST_ComputerOrgernization_CourseDesign/Others/NH/CurriculumDesign-PrinciplesOfComputerOrganization-master/single_circle/cpu.srcs/constrs_1/new/constraint.xdc]
INFO: [Project 1-236] Implementation specific constraints were found while reading constraint file [/home/hover/Desktop/Labs/HUST_ComputerOrgernization_CourseDesign/Others/NH/CurriculumDesign-PrinciplesOfComputerOrganization-master/single_circle/cpu.srcs/constrs_1/new/constraint.xdc]. These constraints will be ignored for synthesis but will be used in implementation. Impacted constraints are listed in the file [.Xil/TopLayer_propImpl.xdc].
Resolution: To avoid this warning, move constraints listed in [.Xil/TopLayer_propImpl.xdc] to another XDC file and exclude this new file from synthesis with the used_in_synthesis property (File Properties dialog in GUI) and re-run elaboration/synthesis.
Netlist sorting complete. Time (s): cpu = 00:00:00 ; elapsed = 00:00:00 . Memory (MB): peak = 1819.082 ; gain = 0.000 ; free physical = 136 ; free virtual = 9185
Completed Processing XDC Constraints

Netlist sorting complete. Time (s): cpu = 00:00:00 ; elapsed = 00:00:00 . Memory (MB): peak = 1819.082 ; gain = 0.000 ; free physical = 136 ; free virtual = 9185
INFO: [Project 1-111] Unisim Transformation Summary:
No Unisim elements were transformed.

Netlist sorting complete. Time (s): cpu = 00:00:00 ; elapsed = 00:00:00 . Memory (MB): peak = 1819.082 ; gain = 0.000 ; free physical = 136 ; free virtual = 9185
Constraint Validation Runtime : Time (s): cpu = 00:00:00 ; elapsed = 00:00:00 . Memory (MB): peak = 1819.082 ; gain = 0.000 ; free physical = 136 ; free virtual = 9185
---------------------------------------------------------------------------------
Finished Constraint Validation : Time (s): cpu = 00:00:09 ; elapsed = 00:00:11 . Memory (MB): peak = 1819.082 ; gain = 515.348 ; free physical = 213 ; free virtual = 9264
---------------------------------------------------------------------------------
---------------------------------------------------------------------------------
Start Loading Part and Timing Information
---------------------------------------------------------------------------------
Loading part: xc7a100tcsg324-1
---------------------------------------------------------------------------------
Finished Loading Part and Timing Information : Time (s): cpu = 00:00:09 ; elapsed = 00:00:11 . Memory (MB): peak = 1819.082 ; gain = 515.348 ; free physical = 213 ; free virtual = 9263
---------------------------------------------------------------------------------
---------------------------------------------------------------------------------
Start Applying 'set_property' XDC Constraints
---------------------------------------------------------------------------------
---------------------------------------------------------------------------------
Finished applying 'set_property' XDC Constraints : Time (s): cpu = 00:00:09 ; elapsed = 00:00:11 . Memory (MB): peak = 1819.082 ; gain = 515.348 ; free physical = 215 ; free virtual = 9265
---------------------------------------------------------------------------------
INFO: [Synth 8-5544] ROM "mode0" won't be mapped to Block RAM because address size (1) smaller than threshold (5)
INFO: [Synth 8-5546] ROM "memory_reg[31]" won't be mapped to RAM because it is too sparse
INFO: [Synth 8-5546] ROM "memory_reg[30]" won't be mapped to RAM because it is too sparse
INFO: [Synth 8-5546] ROM "memory_reg[29]" won't be mapped to RAM because it is too sparse
INFO: [Synth 8-5546] ROM "memory_reg[28]" won't be mapped to RAM because it is too sparse
INFO: [Synth 8-5546] ROM "memory_reg[27]" won't be mapped to RAM because it is too sparse
INFO: [Synth 8-5546] ROM "memory_reg[26]" won't be mapped to RAM because it is too sparse
INFO: [Synth 8-5546] ROM "memory_reg[25]" won't be mapped to RAM because it is too sparse
INFO: [Synth 8-5546] ROM "memory_reg[24]" won't be mapped to RAM because it is too sparse
INFO: [Synth 8-5546] ROM "memory_reg[23]" won't be mapped to RAM because it is too sparse
INFO: [Synth 8-5546] ROM "memory_reg[22]" won't be mapped to RAM because it is too sparse
INFO: [Synth 8-5546] ROM "memory_reg[21]" won't be mapped to RAM because it is too sparse
INFO: [Synth 8-5546] ROM "memory_reg[20]" won't be mapped to RAM because it is too sparse
INFO: [Synth 8-5546] ROM "memory_reg[19]" won't be mapped to RAM because it is too sparse
INFO: [Synth 8-5546] ROM "memory_reg[18]" won't be mapped to RAM because it is too sparse
INFO: [Synth 8-5546] ROM "memory_reg[17]" won't be mapped to RAM because it is too sparse
INFO: [Synth 8-5546] ROM "memory_reg[16]" won't be mapped to RAM because it is too sparse
INFO: [Synth 8-5546] ROM "memory_reg[15]" won't be mapped to RAM because it is too sparse
INFO: [Synth 8-5546] ROM "memory_reg[14]" won't be mapped to RAM because it is too sparse
INFO: [Synth 8-5546] ROM "memory_reg[13]" won't be mapped to RAM because it is too sparse
INFO: [Synth 8-5546] ROM "memory_reg[12]" won't be mapped to RAM because it is too sparse
INFO: [Synth 8-5546] ROM "memory_reg[11]" won't be mapped to RAM because it is too sparse
INFO: [Synth 8-5546] ROM "memory_reg[10]" won't be mapped to RAM because it is too sparse
INFO: [Synth 8-5546] ROM "memory_reg[9]" won't be mapped to RAM because it is too sparse
INFO: [Synth 8-5546] ROM "memory_reg[8]" won't be mapped to RAM because it is too sparse
INFO: [Synth 8-5546] ROM "memory_reg[7]" won't be mapped to RAM because it is too sparse
INFO: [Synth 8-5546] ROM "memory_reg[6]" won't be mapped to RAM because it is too sparse
INFO: [Synth 8-5546] ROM "memory_reg[5]" won't be mapped to RAM because it is too sparse
INFO: [Synth 8-5546] ROM "memory_reg[4]" won't be mapped to RAM because it is too sparse
INFO: [Synth 8-5546] ROM "memory_reg[3]" won't be mapped to RAM because it is too sparse
INFO: [Synth 8-5546] ROM "memory_reg[2]" won't be mapped to RAM because it is too sparse
INFO: [Synth 8-5546] ROM "memory_reg[1]" won't be mapped to RAM because it is too sparse
INFO: [Synth 8-5845] Not enough pipeline registers after wide multiplier. Recommended levels of pipeline registers is 4 [/home/hover/Desktop/Labs/HUST_ComputerOrgernization_CourseDesign/Others/NH/CurriculumDesign-PrinciplesOfComputerOrganization-master/single_circle/cpu.srcs/sources_1/new/ALU.v:43]
INFO: [Synth 8-5546] ROM "memory" won't be mapped to RAM because it is too sparse
WARNING: [Synth 8-327] inferring latch for variable 'Result1_reg' [/home/hover/Desktop/Labs/HUST_ComputerOrgernization_CourseDesign/Others/NH/CurriculumDesign-PrinciplesOfComputerOrganization-master/single_circle/cpu.srcs/sources_1/new/ALU.v:27]
WARNING: [Synth 8-327] inferring latch for variable 'Result2_reg' [/home/hover/Desktop/Labs/HUST_ComputerOrgernization_CourseDesign/Others/NH/CurriculumDesign-PrinciplesOfComputerOrganization-master/single_circle/cpu.srcs/sources_1/new/ALU.v:45]
WARNING: [Synth 8-327] inferring latch for variable 'OF_reg' [/home/hover/Desktop/Labs/HUST_ComputerOrgernization_CourseDesign/Others/NH/CurriculumDesign-PrinciplesOfComputerOrganization-master/single_circle/cpu.srcs/sources_1/new/ALU.v:53]
WARNING: [Synth 8-327] inferring latch for variable 'UOF_reg' [/home/hover/Desktop/Labs/HUST_ComputerOrgernization_CourseDesign/Others/NH/CurriculumDesign-PrinciplesOfComputerOrganization-master/single_circle/cpu.srcs/sources_1/new/ALU.v:54]
WARNING: [Synth 8-327] inferring latch for variable 'out2_reg' [/home/hover/Desktop/Labs/HUST_ComputerOrgernization_CourseDesign/Others/NH/CurriculumDesign-PrinciplesOfComputerOrganization-master/single_circle/cpu.srcs/sources_1/new/extend.v:41]
---------------------------------------------------------------------------------
Finished RTL Optimization Phase 2 : Time (s): cpu = 00:00:10 ; elapsed = 00:00:12 . Memory (MB): peak = 1819.082 ; gain = 515.348 ; free physical = 200 ; free virtual = 9257
---------------------------------------------------------------------------------

Report RTL Partitions: 
+-+--------------+------------+----------+
| |RTL Partition |Replication |Instances |
+-+--------------+------------+----------+
+-+--------------+------------+----------+
---------------------------------------------------------------------------------
Start RTL Component Statistics 
---------------------------------------------------------------------------------
Detailed RTL Component Info : 
+---Adders : 
	   2 Input     64 Bit       Adders := 1     
	   2 Input     32 Bit       Adders := 6     
	   3 Input     32 Bit       Adders := 1     
	   2 Input      3 Bit       Adders := 1     
+---XORs : 
	   2 Input     32 Bit         XORs := 2     
	   2 Input      1 Bit         XORs := 4     
+---Registers : 
	               32 Bit    Registers := 35    
	                8 Bit    Registers := 2     
	                4 Bit    Registers := 1     
	                3 Bit    Registers := 2     
	                1 Bit    Registers := 5     
+---Muxes : 
	   2 Input     32 Bit        Muxes := 47    
	  14 Input     32 Bit        Muxes := 1     
	 223 Input     32 Bit        Muxes := 1     
	   8 Input      8 Bit        Muxes := 1     
	   2 Input      8 Bit        Muxes := 3     
	   2 Input      5 Bit        Muxes := 5     
	   2 Input      4 Bit        Muxes := 2     
	  13 Input      4 Bit        Muxes := 1     
	   3 Input      4 Bit        Muxes := 1     
	   2 Input      3 Bit        Muxes := 1     
	   2 Input      1 Bit        Muxes := 33    
	  14 Input      1 Bit        Muxes := 5     
---------------------------------------------------------------------------------
Finished RTL Component Statistics 
---------------------------------------------------------------------------------
---------------------------------------------------------------------------------
Start RTL Hierarchical Component Statistics 
---------------------------------------------------------------------------------
Hierarchical RTL Component report 
Module display2 
Detailed RTL Component Info : 
+---Adders : 
	   2 Input      3 Bit       Adders := 1     
+---Registers : 
	               32 Bit    Registers := 1     
	                8 Bit    Registers := 2     
	                4 Bit    Registers := 1     
	                3 Bit    Registers := 2     
+---Muxes : 
	   8 Input      8 Bit        Muxes := 1     
	   2 Input      4 Bit        Muxes := 2     
	   2 Input      3 Bit        Muxes := 1     
Module divider 
Detailed RTL Component Info : 
+---Adders : 
	   2 Input     32 Bit       Adders := 1     
+---Registers : 
	                1 Bit    Registers := 1     
Module divider_ 
Detailed RTL Component Info : 
+---Adders : 
	   2 Input     32 Bit       Adders := 1     
+---Registers : 
	                1 Bit    Registers := 1     
Module divider___parameterized0 
Detailed RTL Component Info : 
+---Adders : 
	   2 Input     32 Bit       Adders := 1     
+---Registers : 
	                1 Bit    Registers := 1     
Module SwitchFreq 
Detailed RTL Component Info : 
+---Registers : 
	                1 Bit    Registers := 1     
+---Muxes : 
	   2 Input      1 Bit        Muxes := 1     
Module controller 
Detailed RTL Component Info : 
+---Muxes : 
	  13 Input      4 Bit        Muxes := 1     
	   3 Input      4 Bit        Muxes := 1     
Module regfile 
Detailed RTL Component Info : 
+---Registers : 
	               32 Bit    Registers := 32    
+---Muxes : 
	   2 Input     32 Bit        Muxes := 2     
	   2 Input      1 Bit        Muxes := 31    
Module ALU 
Detailed RTL Component Info : 
+---Adders : 
	   2 Input     64 Bit       Adders := 1     
	   2 Input     32 Bit       Adders := 1     
	   3 Input     32 Bit       Adders := 1     
+---XORs : 
	   2 Input     32 Bit         XORs := 2     
	   2 Input      1 Bit         XORs := 4     
+---Muxes : 
	   2 Input     32 Bit        Muxes := 32    
	  14 Input     32 Bit        Muxes := 1     
	  14 Input      1 Bit        Muxes := 5     
Module npc 
Detailed RTL Component Info : 
+---Adders : 
	   2 Input     32 Bit       Adders := 1     
+---Muxes : 
	   2 Input     32 Bit        Muxes := 3     
Module pc 
Detailed RTL Component Info : 
+---Adders : 
	   2 Input     32 Bit       Adders := 1     
+---Registers : 
	               32 Bit    Registers := 1     
Module counter 
Detailed RTL Component Info : 
+---Registers : 
	                1 Bit    Registers := 1     
Module display 
Detailed RTL Component Info : 
+---Registers : 
	               32 Bit    Registers := 1     
+---Muxes : 
	   2 Input     32 Bit        Muxes := 1     
	   2 Input      1 Bit        Muxes := 1     
Module RegFileRead 
Detailed RTL Component Info : 
+---Muxes : 
	   2 Input      5 Bit        Muxes := 4     
Module RegFileWrite 
Detailed RTL Component Info : 
+---Muxes : 
	   2 Input     32 Bit        Muxes := 2     
Module RegFiletoALU 
Detailed RTL Component Info : 
+---Muxes : 
	   2 Input     32 Bit        Muxes := 3     
Module extend 
Detailed RTL Component Info : 
+---Muxes : 
	   2 Input     32 Bit        Muxes := 3     
	   2 Input      5 Bit        Muxes := 1     
Module IM 
Detailed RTL Component Info : 
+---Muxes : 
	 223 Input     32 Bit        Muxes := 1     
Module DM 
Detailed RTL Component Info : 
+---Muxes : 
	   2 Input     32 Bit        Muxes := 1     
	   2 Input      8 Bit        Muxes := 3     
---------------------------------------------------------------------------------
Finished RTL Hierarchical Component Statistics
---------------------------------------------------------------------------------
---------------------------------------------------------------------------------
Start Part Resource Summary
---------------------------------------------------------------------------------
Part Resources:
DSPs: 240 (col length:80)
BRAMs: 270 (col length: RAMB18 80 RAMB36 40)
---------------------------------------------------------------------------------
Finished Part Resource Summary
---------------------------------------------------------------------------------
---------------------------------------------------------------------------------
Start Cross Boundary and Area Optimization
---------------------------------------------------------------------------------
Warning: Parallel synthesis criteria is not met 
DSP Report: Generating DSP Result10, operation Mode is: A*B.
DSP Report: operator Result10 is absorbed into DSP Result10.
DSP Report: operator Result10 is absorbed into DSP Result10.
DSP Report: Generating DSP Result10, operation Mode is: (PCIN>>17)+A*B.
DSP Report: operator Result10 is absorbed into DSP Result10.
DSP Report: operator Result10 is absorbed into DSP Result10.
DSP Report: Generating DSP Result10, operation Mode is: A*B.
DSP Report: operator Result10 is absorbed into DSP Result10.
DSP Report: operator Result10 is absorbed into DSP Result10.
DSP Report: Generating DSP Result10, operation Mode is: (PCIN>>17)+A*B.
DSP Report: operator Result10 is absorbed into DSP Result10.
DSP Report: operator Result10 is absorbed into DSP Result10.
WARNING: [Synth 8-3331] design DM has unconnected port addr[31]
WARNING: [Synth 8-3331] design DM has unconnected port addr[30]
WARNING: [Synth 8-3331] design DM has unconnected port addr[29]
WARNING: [Synth 8-3331] design DM has unconnected port addr[28]
WARNING: [Synth 8-3331] design DM has unconnected port addr[27]
WARNING: [Synth 8-3331] design DM has unconnected port addr[26]
WARNING: [Synth 8-3331] design DM has unconnected port addr[25]
WARNING: [Synth 8-3331] design DM has unconnected port addr[24]
WARNING: [Synth 8-3331] design DM has unconnected port addr[23]
WARNING: [Synth 8-3331] design DM has unconnected port addr[22]
WARNING: [Synth 8-3331] design DM has unconnected port addr[21]
WARNING: [Synth 8-3331] design DM has unconnected port addr[20]
WARNING: [Synth 8-3331] design DM has unconnected port addr[19]
WARNING: [Synth 8-3331] design DM has unconnected port addr[18]
WARNING: [Synth 8-3331] design DM has unconnected port addr[17]
WARNING: [Synth 8-3331] design DM has unconnected port addr[16]
WARNING: [Synth 8-3331] design DM has unconnected port addr[15]
WARNING: [Synth 8-3331] design DM has unconnected port addr[14]
WARNING: [Synth 8-3331] design DM has unconnected port addr[13]
WARNING: [Synth 8-3331] design DM has unconnected port addr[12]
WARNING: [Synth 8-3331] design DM has unconnected port mode[3]
WARNING: [Synth 8-3331] design DM has unconnected port mode[1]
WARNING: [Synth 8-3331] design IM has unconnected port pc[31]
INFO: [Common 17-14] Message 'Synth 8-3331' appears 100 times and further instances of the messages will be disabled. Use the Tcl command set_msg_config to change the current settings.
INFO: [Synth 8-3886] merging instance '_entend/out2_reg[16]' (LD) to '_entend/out2_reg[17]'
INFO: [Synth 8-3886] merging instance '_entend/out2_reg[17]' (LD) to '_entend/out2_reg[18]'
INFO: [Synth 8-3886] merging instance '_entend/out2_reg[18]' (LD) to '_entend/out2_reg[19]'
INFO: [Synth 8-3886] merging instance '_entend/out2_reg[19]' (LD) to '_entend/out2_reg[20]'
INFO: [Synth 8-3886] merging instance '_entend/out2_reg[20]' (LD) to '_entend/out2_reg[21]'
INFO: [Synth 8-3886] merging instance '_entend/out2_reg[21]' (LD) to '_entend/out2_reg[22]'
INFO: [Synth 8-3886] merging instance '_entend/out2_reg[22]' (LD) to '_entend/out2_reg[23]'
INFO: [Synth 8-3886] merging instance '_entend/out2_reg[23]' (LD) to '_entend/out2_reg[24]'
INFO: [Synth 8-3886] merging instance '_entend/out2_reg[24]' (LD) to '_entend/out2_reg[25]'
INFO: [Synth 8-3886] merging instance '_entend/out2_reg[25]' (LD) to '_entend/out2_reg[26]'
INFO: [Synth 8-3886] merging instance '_entend/out2_reg[26]' (LD) to '_entend/out2_reg[27]'
INFO: [Synth 8-3886] merging instance '_entend/out2_reg[27]' (LD) to '_entend/out2_reg[28]'
INFO: [Synth 8-3886] merging instance '_entend/out2_reg[28]' (LD) to '_entend/out2_reg[29]'
INFO: [Synth 8-3886] merging instance '_entend/out2_reg[29]' (LD) to '_entend/out2_reg[30]'
INFO: [Synth 8-3886] merging instance '_entend/out2_reg[30]' (LD) to '_entend/out2_reg[31]'
INFO: [Synth 8-3333] propagating constant 1 across sequential element (_display2/\seg_reg[7] )
WARNING: [Synth 8-3332] Sequential element (Result2_reg[31]) is unused and will be removed from module ALU.
WARNING: [Synth 8-3332] Sequential element (Result2_reg[30]) is unused and will be removed from module ALU.
WARNING: [Synth 8-3332] Sequential element (Result2_reg[29]) is unused and will be removed from module ALU.
WARNING: [Synth 8-3332] Sequential element (Result2_reg[28]) is unused and will be removed from module ALU.
WARNING: [Synth 8-3332] Sequential element (Result2_reg[27]) is unused and will be removed from module ALU.
WARNING: [Synth 8-3332] Sequential element (Result2_reg[26]) is unused and will be removed from module ALU.
WARNING: [Synth 8-3332] Sequential element (Result2_reg[25]) is unused and will be removed from module ALU.
WARNING: [Synth 8-3332] Sequential element (Result2_reg[24]) is unused and will be removed from module ALU.
WARNING: [Synth 8-3332] Sequential element (Result2_reg[23]) is unused and will be removed from module ALU.
WARNING: [Synth 8-3332] Sequential element (Result2_reg[22]) is unused and will be removed from module ALU.
WARNING: [Synth 8-3332] Sequential element (Result2_reg[21]) is unused and will be removed from module ALU.
WARNING: [Synth 8-3332] Sequential element (Result2_reg[20]) is unused and will be removed from module ALU.
WARNING: [Synth 8-3332] Sequential element (Result2_reg[19]) is unused and will be removed from module ALU.
WARNING: [Synth 8-3332] Sequential element (Result2_reg[18]) is unused and will be removed from module ALU.
WARNING: [Synth 8-3332] Sequential element (Result2_reg[17]) is unused and will be removed from module ALU.
WARNING: [Synth 8-3332] Sequential element (Result2_reg[16]) is unused and will be removed from module ALU.
WARNING: [Synth 8-3332] Sequential element (Result2_reg[15]) is unused and will be removed from module ALU.
WARNING: [Synth 8-3332] Sequential element (Result2_reg[14]) is unused and will be removed from module ALU.
WARNING: [Synth 8-3332] Sequential element (Result2_reg[13]) is unused and will be removed from module ALU.
WARNING: [Synth 8-3332] Sequential element (Result2_reg[12]) is unused and will be removed from module ALU.
WARNING: [Synth 8-3332] Sequential element (Result2_reg[11]) is unused and will be removed from module ALU.
WARNING: [Synth 8-3332] Sequential element (Result2_reg[10]) is unused and will be removed from module ALU.
WARNING: [Synth 8-3332] Sequential element (Result2_reg[9]) is unused and will be removed from module ALU.
WARNING: [Synth 8-3332] Sequential element (Result2_reg[8]) is unused and will be removed from module ALU.
WARNING: [Synth 8-3332] Sequential element (Result2_reg[7]) is unused and will be removed from module ALU.
WARNING: [Synth 8-3332] Sequential element (Result2_reg[6]) is unused and will be removed from module ALU.
WARNING: [Synth 8-3332] Sequential element (Result2_reg[5]) is unused and will be removed from module ALU.
WARNING: [Synth 8-3332] Sequential element (Result2_reg[4]) is unused and will be removed from module ALU.
WARNING: [Synth 8-3332] Sequential element (Result2_reg[3]) is unused and will be removed from module ALU.
WARNING: [Synth 8-3332] Sequential element (Result2_reg[2]) is unused and will be removed from module ALU.
WARNING: [Synth 8-3332] Sequential element (Result2_reg[1]) is unused and will be removed from module ALU.
WARNING: [Synth 8-3332] Sequential element (Result2_reg[0]) is unused and will be removed from module ALU.
WARNING: [Synth 8-3332] Sequential element (OF_reg) is unused and will be removed from module ALU.
WARNING: [Synth 8-3332] Sequential element (UOF_reg) is unused and will be removed from module ALU.
WARNING: [Synth 8-3332] Sequential element (_entend/out2_reg[31]) is unused and will be removed from module TopLayer.
WARNING: [Synth 8-3332] Sequential element (_entend/out2_reg[15]) is unused and will be removed from module TopLayer.
WARNING: [Synth 8-3332] Sequential element (_entend/out2_reg[14]) is unused and will be removed from module TopLayer.
WARNING: [Synth 8-3332] Sequential element (_entend/out2_reg[13]) is unused and will be removed from module TopLayer.
WARNING: [Synth 8-3332] Sequential element (_entend/out2_reg[12]) is unused and will be removed from module TopLayer.
WARNING: [Synth 8-3332] Sequential element (_entend/out2_reg[11]) is unused and will be removed from module TopLayer.
WARNING: [Synth 8-3332] Sequential element (_entend/out2_reg[10]) is unused and will be removed from module TopLayer.
WARNING: [Synth 8-3332] Sequential element (_entend/out2_reg[9]) is unused and will be removed from module TopLayer.
WARNING: [Synth 8-3332] Sequential element (_entend/out2_reg[8]) is unused and will be removed from module TopLayer.
WARNING: [Synth 8-3332] Sequential element (_entend/out2_reg[7]) is unused and will be removed from module TopLayer.
WARNING: [Synth 8-3332] Sequential element (_entend/out2_reg[6]) is unused and will be removed from module TopLayer.
WARNING: [Synth 8-3332] Sequential element (_entend/out2_reg[5]) is unused and will be removed from module TopLayer.
WARNING: [Synth 8-3332] Sequential element (_entend/out2_reg[4]) is unused and will be removed from module TopLayer.
WARNING: [Synth 8-3332] Sequential element (_entend/out2_reg[3]) is unused and will be removed from module TopLayer.
WARNING: [Synth 8-3332] Sequential element (_entend/out2_reg[2]) is unused and will be removed from module TopLayer.
WARNING: [Synth 8-3332] Sequential element (_entend/out2_reg[1]) is unused and will be removed from module TopLayer.
WARNING: [Synth 8-3332] Sequential element (_entend/out2_reg[0]) is unused and will be removed from module TopLayer.
---------------------------------------------------------------------------------
Finished Cross Boundary and Area Optimization : Time (s): cpu = 00:01:23 ; elapsed = 00:01:29 . Memory (MB): peak = 2301.066 ; gain = 997.332 ; free physical = 696 ; free virtual = 9188
---------------------------------------------------------------------------------
---------------------------------------------------------------------------------
Start ROM, RAM, DSP and Shift Register Reporting
---------------------------------------------------------------------------------

Distributed RAM: Preliminary Mapping  Report (see note below)
+------------+----------------+-----------+----------------------+-------------------+
|Module Name | RTL Object     | Inference | Size (Depth x Width) | Primitives        | 
+------------+----------------+-----------+----------------------+-------------------+
|TopLayer    | _DM/memory_reg | Implied   | 1 K x 32             | RAM128X1D x 256   | 
+------------+----------------+-----------+----------------------+-------------------+

Note: The table above is a preliminary report that shows the Distributed RAMs at the current stage of the synthesis flow. Some Distributed RAMs may be reimplemented as non Distributed RAM primitives later in the synthesis flow. Multiple instantiated RAMs are reported only once.

DSP: Preliminary Mapping  Report (see note below)
+------------+----------------+--------+--------+--------+--------+--------+------+------+------+------+-------+------+------+
|Module Name | DSP Mapping    | A Size | B Size | C Size | D Size | P Size | AREG | BREG | CREG | DREG | ADREG | MREG | PREG | 
+------------+----------------+--------+--------+--------+--------+--------+------+------+------+------+-------+------+------+
|ALU         | A*B            | 18     | 16     | -      | -      | 48     | 0    | 0    | -    | -    | -     | 0    | 0    | 
|ALU         | (PCIN>>17)+A*B | 16     | 16     | -      | -      | 30     | 0    | 0    | -    | -    | -     | 0    | 0    | 
|ALU         | A*B            | 18     | 18     | -      | -      | 48     | 0    | 0    | -    | -    | -     | 0    | 0    | 
|ALU         | (PCIN>>17)+A*B | 18     | 16     | -      | -      | 47     | 0    | 0    | -    | -    | -     | 0    | 0    | 
+------------+----------------+--------+--------+--------+--------+--------+------+------+------+------+-------+------+------+

Note: The table above is a preliminary report that shows the DSPs inferred at the current stage of the synthesis flow. Some DSP may be reimplemented as non DSP primitives later in the synthesis flow. Multiple instantiated DSPs are reported only once.
---------------------------------------------------------------------------------
Finished ROM, RAM, DSP and Shift Register Reporting
---------------------------------------------------------------------------------

Report RTL Partitions: 
+-+--------------+------------+----------+
| |RTL Partition |Replication |Instances |
+-+--------------+------------+----------+
+-+--------------+------------+----------+
---------------------------------------------------------------------------------
Start Applying XDC Timing Constraints
---------------------------------------------------------------------------------
---------------------------------------------------------------------------------
Finished Applying XDC Timing Constraints : Time (s): cpu = 00:01:31 ; elapsed = 00:01:36 . Memory (MB): peak = 2301.066 ; gain = 997.332 ; free physical = 528 ; free virtual = 9046
---------------------------------------------------------------------------------
---------------------------------------------------------------------------------
Start Timing Optimization
---------------------------------------------------------------------------------
---------------------------------------------------------------------------------
Finished Timing Optimization : Time (s): cpu = 00:01:32 ; elapsed = 00:01:38 . Memory (MB): peak = 2301.066 ; gain = 997.332 ; free physical = 522 ; free virtual = 9042
---------------------------------------------------------------------------------
---------------------------------------------------------------------------------
Start ROM, RAM, DSP and Shift Register Reporting
---------------------------------------------------------------------------------

Distributed RAM: Final Mapping  Report
+------------+----------------+-----------+----------------------+-------------------+
|Module Name | RTL Object     | Inference | Size (Depth x Width) | Primitives        | 
+------------+----------------+-----------+----------------------+-------------------+
|TopLayer    | _DM/memory_reg | Implied   | 1 K x 32             | RAM128X1D x 256   | 
+------------+----------------+-----------+----------------------+-------------------+

---------------------------------------------------------------------------------
Finished ROM, RAM, DSP and Shift Register Reporting
---------------------------------------------------------------------------------

Report RTL Partitions: 
+-+--------------+------------+----------+
| |RTL Partition |Replication |Instances |
+-+--------------+------------+----------+
+-+--------------+------------+----------+
---------------------------------------------------------------------------------
Start Technology Mapping
---------------------------------------------------------------------------------
---------------------------------------------------------------------------------
Finished Technology Mapping : Time (s): cpu = 00:01:37 ; elapsed = 00:01:42 . Memory (MB): peak = 2301.066 ; gain = 997.332 ; free physical = 529 ; free virtual = 9049
---------------------------------------------------------------------------------

Report RTL Partitions: 
+-+--------------+------------+----------+
| |RTL Partition |Replication |Instances |
+-+--------------+------------+----------+
+-+--------------+------------+----------+
---------------------------------------------------------------------------------
Start IO Insertion
---------------------------------------------------------------------------------
---------------------------------------------------------------------------------
Start Flattening Before IO Insertion
---------------------------------------------------------------------------------
---------------------------------------------------------------------------------
Finished Flattening Before IO Insertion
---------------------------------------------------------------------------------
---------------------------------------------------------------------------------
Start Final Netlist Cleanup
---------------------------------------------------------------------------------
---------------------------------------------------------------------------------
Finished Final Netlist Cleanup
---------------------------------------------------------------------------------
---------------------------------------------------------------------------------
Finished IO Insertion : Time (s): cpu = 00:01:38 ; elapsed = 00:01:43 . Memory (MB): peak = 2301.066 ; gain = 997.332 ; free physical = 528 ; free virtual = 9049
---------------------------------------------------------------------------------

Report Check Netlist: 
+------+------------------+-------+---------+-------+------------------+
|      |Item              |Errors |Warnings |Status |Description       |
+------+------------------+-------+---------+-------+------------------+
|1     |multi_driven_nets |      0|        0|Passed |Multi driven nets |
+------+------------------+-------+---------+-------+------------------+
---------------------------------------------------------------------------------
Start Renaming Generated Instances
---------------------------------------------------------------------------------
---------------------------------------------------------------------------------
Finished Renaming Generated Instances : Time (s): cpu = 00:01:38 ; elapsed = 00:01:43 . Memory (MB): peak = 2301.066 ; gain = 997.332 ; free physical = 528 ; free virtual = 9050
---------------------------------------------------------------------------------

Report RTL Partitions: 
+-+--------------+------------+----------+
| |RTL Partition |Replication |Instances |
+-+--------------+------------+----------+
+-+--------------+------------+----------+
---------------------------------------------------------------------------------
Start Rebuilding User Hierarchy
---------------------------------------------------------------------------------
---------------------------------------------------------------------------------
Finished Rebuilding User Hierarchy : Time (s): cpu = 00:01:38 ; elapsed = 00:01:43 . Memory (MB): peak = 2301.066 ; gain = 997.332 ; free physical = 528 ; free virtual = 9050
---------------------------------------------------------------------------------
---------------------------------------------------------------------------------
Start Renaming Generated Ports
---------------------------------------------------------------------------------
---------------------------------------------------------------------------------
Finished Renaming Generated Ports : Time (s): cpu = 00:01:38 ; elapsed = 00:01:43 . Memory (MB): peak = 2301.066 ; gain = 997.332 ; free physical = 528 ; free virtual = 9049
---------------------------------------------------------------------------------
---------------------------------------------------------------------------------
Start Handling Custom Attributes
---------------------------------------------------------------------------------
---------------------------------------------------------------------------------
Finished Handling Custom Attributes : Time (s): cpu = 00:01:38 ; elapsed = 00:01:43 . Memory (MB): peak = 2301.066 ; gain = 997.332 ; free physical = 528 ; free virtual = 9050
---------------------------------------------------------------------------------
---------------------------------------------------------------------------------
Start Renaming Generated Nets
---------------------------------------------------------------------------------
---------------------------------------------------------------------------------
Finished Renaming Generated Nets : Time (s): cpu = 00:01:38 ; elapsed = 00:01:43 . Memory (MB): peak = 2301.066 ; gain = 997.332 ; free physical = 528 ; free virtual = 9050
---------------------------------------------------------------------------------
---------------------------------------------------------------------------------
Start Writing Synthesis Report
---------------------------------------------------------------------------------

Report BlackBoxes: 
+-+--------------+----------+
| |BlackBox name |Instances |
+-+--------------+----------+
+-+--------------+----------+

Report Cell Usage: 
+------+----------+------+
|      |Cell      |Count |
+------+----------+------+
|1     |BUFG      |     4|
|2     |CARRY4    |   375|
|3     |DSP48E1   |     3|
|4     |LUT1      |   108|
|5     |LUT2      |   224|
|6     |LUT3      |  1274|
|7     |LUT4      |   263|
|8     |LUT5      |   270|
|9     |LUT6      |  1460|
|10    |MUXF7     |   312|
|11    |MUXF8     |    20|
|12    |RAM128X1D |   256|
|13    |FDRE      |  1302|
|14    |FDSE      |     8|
|15    |LD        |    95|
|16    |IBUF      |    12|
|17    |OBUF      |    16|
+------+----------+------+

Report Instance Areas: 
+------+--------------+-------------------------+------+
|      |Instance      |Module                   |Cells |
+------+--------------+-------------------------+------+
|1     |top           |                         |  6002|
|2     |  _DM         |DM                       |   366|
|3     |  _alu        |ALU                      |  1521|
|4     |  _counter    |counter                  |   441|
|5     |  _display    |display                  |    53|
|6     |  _display2   |display2                 |   107|
|7     |  _npc        |npc                      |     8|
|8     |  _pc         |pc                       |  1089|
|9     |  _regfile    |regfile                  |  2226|
|10    |  _swifreq    |SwitchFreq               |   102|
|11    |    divider1  |divider_                 |    50|
|12    |    divider2  |divider___parameterized0 |    50|
|13    |  divider_dis |divider                  |    57|
+------+--------------+-------------------------+------+
---------------------------------------------------------------------------------
Finished Writing Synthesis Report : Time (s): cpu = 00:01:38 ; elapsed = 00:01:43 . Memory (MB): peak = 2301.066 ; gain = 997.332 ; free physical = 528 ; free virtual = 9050
---------------------------------------------------------------------------------
Synthesis finished with 0 errors, 0 critical warnings and 137 warnings.
Synthesis Optimization Runtime : Time (s): cpu = 00:01:34 ; elapsed = 00:01:39 . Memory (MB): peak = 2301.066 ; gain = 618.441 ; free physical = 585 ; free virtual = 9107
Synthesis Optimization Complete : Time (s): cpu = 00:01:38 ; elapsed = 00:01:44 . Memory (MB): peak = 2301.074 ; gain = 997.332 ; free physical = 584 ; free virtual = 9107
INFO: [Project 1-571] Translating synthesized netlist
INFO: [Netlist 29-17] Analyzing 1061 Unisim elements for replacement
INFO: [Netlist 29-28] Unisim Transformation completed in 0 CPU seconds
INFO: [Project 1-570] Preparing netlist for logic optimization
INFO: [Opt 31-138] Pushed 0 inverter(s) to 0 load pin(s).
Netlist sorting complete. Time (s): cpu = 00:00:00 ; elapsed = 00:00:00 . Memory (MB): peak = 2333.082 ; gain = 0.000 ; free physical = 497 ; free virtual = 9049
INFO: [Project 1-111] Unisim Transformation Summary:
  A total of 351 instances were transformed.
  LD => LDCE: 95 instances
  RAM128X1D => RAM128X1D (RAMD64E, RAMD64E, MUXF7, MUXF7, RAMD64E, RAMD64E): 256 instances

INFO: [Common 17-83] Releasing license: Synthesis
113 Infos, 164 Warnings, 0 Critical Warnings and 0 Errors encountered.
synth_design completed successfully
synth_design: Time (s): cpu = 00:01:41 ; elapsed = 00:01:46 . Memory (MB): peak = 2333.082 ; gain = 1041.094 ; free physical = 556 ; free virtual = 9108
Netlist sorting complete. Time (s): cpu = 00:00:00 ; elapsed = 00:00:00.01 . Memory (MB): peak = 2333.082 ; gain = 0.000 ; free physical = 553 ; free virtual = 9109
WARNING: [Constraints 18-5210] No constraints selected for write.
Resolution: This message can indicate that there are no constraints for the design, or it can indicate that the used_in flags are set such that the constraints are ignored. This later case is used when running synth_design to not write synthesis constraints to the resulting checkpoint. Instead, project constraints are read when the synthesized design is opened.
INFO: [Common 17-1381] The checkpoint '/home/hover/Desktop/Labs/HUST_ComputerOrgernization_CourseDesign/Others/NH/CurriculumDesign-PrinciplesOfComputerOrganization-master/single_circle/cpu.runs/synth_1/TopLayer.dcp' has been generated.
INFO: [runtcl-4] Executing : report_utilization -file TopLayer_utilization_synth.rpt -pb TopLayer_utilization_synth.pb
INFO: [Common 17-206] Exiting Vivado at Mon Mar  4 17:17:49 2019...
