#-----------------------------------------------------------
# Vivado v2015.2 (64-bit)
# SW Build 1266856 on Fri Jun 26 16:35:25 MDT 2015
# IP Build 1264090 on Wed Jun 24 14:22:01 MDT 2015
# Start of session at: Wed Feb 20 19:11:09 2019
# Process ID: 3248
# Log file: C:/Users/16044/Desktop/single_circle/vivado.log
# Journal file: C:/Users/16044/Desktop/single_circle\vivado.jou
#-----------------------------------------------------------
start_gui
open_project C:/Users/16044/Desktop/single_circle/cpu.xpr
Scanning sources...
Finished scanning sources
INFO: [IP_Flow 19-234] Refreshing IP repositories
INFO: [IP_Flow 19-1704] No user IP repositories specified
INFO: [IP_Flow 19-2313] Loaded Vivado IP repository 'D:/Vivado/2015.2/data/ip'.
open_project: Time (s): cpu = 00:00:12 ; elapsed = 00:00:07 . Memory (MB): peak = 742.844 ; gain = 172.352
open_hw
connect_hw_server
INFO: [Labtools 27-2285] Connecting to hw_server url TCP:localhost:3121
INFO: [Labtools 27-2222] Launching hw_server...
INFO: [Labtools 27-2221] Launch Output:

****** Xilinx hw_server v2015.2
  **** Build date : Jun 26 2015-16:56:39
    ** Copyright 1986-1999, 2001-2015 Xilinx, Inc. All Rights Reserved.


connect_hw_server: Time (s): cpu = 00:00:01 ; elapsed = 00:00:07 . Memory (MB): peak = 742.844 ; gain = 0.000
open_hw_target [lindex [get_hw_targets -of_objects [get_hw_servers localhost]] 0]
INFO: [Labtoolstcl 44-466] Opening hw_target localhost:3121/xilinx_tcf/Digilent/210292746758A
set_property PROGRAM.FILE {C:/Users/16044/Desktop/single_circle/cpu.runs/impl_1/TopLayer.bit} [lindex [get_hw_devices] 0]
current_hw_device [lindex [get_hw_devices] 0]
refresh_hw_device -update_hw_probes false [lindex [get_hw_devices] 0]
INFO: [Labtools 27-1434] Device xc7a100t (JTAG device index = 0) is programmed with a design that has no supported debug core(s) in it.
WARNING: [Labtools 27-3123] The debug hub core was not detected at User Scan Chain 1 or 3.
Resolution: 
1. Make sure the clock connected to the debug hub (dbg_hub) core is a free running clock and is active OR
2. Manually launch hw_server with -e "set xsdb-user-bscan <C_USER_SCAN_CHAIN scan_chain_number>" to detect the debug hub at User Scan Chain of 2 or 4. To determine the user scan chain setting, open the implemented design and use: get_property C_USER_SCAN_CHAIN [get_debug_cores dbg_hub].
set_property PROBES.FILE {} [lindex [get_hw_devices] 0]
set_property PROGRAM.FILE {C:/Users/16044/Desktop/single_circle/cpu.runs/impl_1/TopLayer.bit} [lindex [get_hw_devices] 0]
program_hw_devices [lindex [get_hw_devices] 0]
INFO: [Labtools 27-3164] End of startup status: HIGH
refresh_hw_device [lindex [get_hw_devices] 0]
INFO: [Labtools 27-1434] Device xc7a100t (JTAG device index = 0) is programmed with a design that has no supported debug core(s) in it.
WARNING: [Labtools 27-3123] The debug hub core was not detected at User Scan Chain 1 or 3.
Resolution: 
1. Make sure the clock connected to the debug hub (dbg_hub) core is a free running clock and is active OR
2. Manually launch hw_server with -e "set xsdb-user-bscan <C_USER_SCAN_CHAIN scan_chain_number>" to detect the debug hub at User Scan Chain of 2 or 4. To determine the user scan chain setting, open the implemented design and use: get_property C_USER_SCAN_CHAIN [get_debug_cores dbg_hub].
reset_run synth_1
launch_runs synth_1
INFO: [HDL 9-2216] Analyzing Verilog file "C:/Users/16044/Desktop/single_circle/cpu.srcs/sources_1/new/ALU.v" into library work [C:/Users/16044/Desktop/single_circle/cpu.srcs/sources_1/new/ALU.v:1]
INFO: [HDL 9-2216] Analyzing Verilog file "C:/Users/16044/Desktop/single_circle/cpu.srcs/sources_1/new/DM.v" into library work [C:/Users/16044/Desktop/single_circle/cpu.srcs/sources_1/new/DM.v:1]
INFO: [HDL 9-2216] Analyzing Verilog file "C:/Users/16044/Desktop/single_circle/cpu.srcs/sources_1/new/IM.v" into library work [C:/Users/16044/Desktop/single_circle/cpu.srcs/sources_1/new/IM.v:1]
INFO: [HDL 9-2216] Analyzing Verilog file "C:/Users/16044/Desktop/single_circle/cpu.srcs/sources_1/new/RegFileRead.v" into library work [C:/Users/16044/Desktop/single_circle/cpu.srcs/sources_1/new/RegFileRead.v:1]
INFO: [HDL 9-2216] Analyzing Verilog file "C:/Users/16044/Desktop/single_circle/cpu.srcs/sources_1/new/RegFileWrite.v" into library work [C:/Users/16044/Desktop/single_circle/cpu.srcs/sources_1/new/RegFileWrite.v:1]
INFO: [HDL 9-2216] Analyzing Verilog file "C:/Users/16044/Desktop/single_circle/cpu.srcs/sources_1/new/RegFiletoALU.v" into library work [C:/Users/16044/Desktop/single_circle/cpu.srcs/sources_1/new/RegFiletoALU.v:1]
INFO: [HDL 9-2216] Analyzing Verilog file "C:/Users/16044/Desktop/single_circle/cpu.srcs/sources_1/new/SwitchFrequency.v" into library work [C:/Users/16044/Desktop/single_circle/cpu.srcs/sources_1/new/SwitchFrequency.v:1]
INFO: [HDL 9-2216] Analyzing Verilog file "C:/Users/16044/Desktop/single_circle/cpu.srcs/sources_1/new/TopLayer.v" into library work [C:/Users/16044/Desktop/single_circle/cpu.srcs/sources_1/new/TopLayer.v:1]
INFO: [HDL 9-2216] Analyzing Verilog file "C:/Users/16044/Desktop/single_circle/cpu.srcs/sources_1/new/controller.v" into library work [C:/Users/16044/Desktop/single_circle/cpu.srcs/sources_1/new/controller.v:1]
INFO: [HDL 9-2216] Analyzing Verilog file "C:/Users/16044/Desktop/single_circle/cpu.srcs/sources_1/new/counter.v" into library work [C:/Users/16044/Desktop/single_circle/cpu.srcs/sources_1/new/counter.v:1]
INFO: [HDL 9-2216] Analyzing Verilog file "C:/Users/16044/Desktop/single_circle/cpu.srcs/sources_1/new/decodShowInDisplay.v" into library work [C:/Users/16044/Desktop/single_circle/cpu.srcs/sources_1/new/decodShowInDisplay.v:1]
INFO: [HDL 9-2216] Analyzing Verilog file "C:/Users/16044/Desktop/single_circle/cpu.srcs/sources_1/new/display.v" into library work [C:/Users/16044/Desktop/single_circle/cpu.srcs/sources_1/new/display.v:1]
INFO: [HDL 9-2216] Analyzing Verilog file "C:/Users/16044/Desktop/single_circle/cpu.srcs/sources_1/new/divider.v" into library work [C:/Users/16044/Desktop/single_circle/cpu.srcs/sources_1/new/divider.v:1]
INFO: [HDL 9-2216] Analyzing Verilog file "C:/Users/16044/Desktop/single_circle/cpu.srcs/sources_1/new/extend.v" into library work [C:/Users/16044/Desktop/single_circle/cpu.srcs/sources_1/new/extend.v:1]
INFO: [HDL 9-2216] Analyzing Verilog file "C:/Users/16044/Desktop/single_circle/cpu.srcs/sources_1/new/halt.v" into library work [C:/Users/16044/Desktop/single_circle/cpu.srcs/sources_1/new/halt.v:1]
INFO: [HDL 9-2216] Analyzing Verilog file "C:/Users/16044/Desktop/single_circle/cpu.srcs/sources_1/new/insturctionDecoder.v" into library work [C:/Users/16044/Desktop/single_circle/cpu.srcs/sources_1/new/insturctionDecoder.v:1]
INFO: [HDL 9-2216] Analyzing Verilog file "C:/Users/16044/Desktop/single_circle/cpu.srcs/sources_1/new/npc.v" into library work [C:/Users/16044/Desktop/single_circle/cpu.srcs/sources_1/new/npc.v:1]
INFO: [HDL 9-2216] Analyzing Verilog file "C:/Users/16044/Desktop/single_circle/cpu.srcs/sources_1/new/pc.v" into library work [C:/Users/16044/Desktop/single_circle/cpu.srcs/sources_1/new/pc.v:1]
INFO: [HDL 9-2216] Analyzing Verilog file "C:/Users/16044/Desktop/single_circle/cpu.srcs/sources_1/new/regfile.v" into library work [C:/Users/16044/Desktop/single_circle/cpu.srcs/sources_1/new/regfile.v:1]
[Wed Feb 20 19:12:44 2019] Launched synth_1...
Run output will be captured here: C:/Users/16044/Desktop/single_circle/cpu.runs/synth_1/runme.log
reset_run synth_1
launch_runs synth_1
INFO: [HDL 9-2216] Analyzing Verilog file "C:/Users/16044/Desktop/single_circle/cpu.srcs/sources_1/new/ALU.v" into library work [C:/Users/16044/Desktop/single_circle/cpu.srcs/sources_1/new/ALU.v:1]
INFO: [HDL 9-2216] Analyzing Verilog file "C:/Users/16044/Desktop/single_circle/cpu.srcs/sources_1/new/DM.v" into library work [C:/Users/16044/Desktop/single_circle/cpu.srcs/sources_1/new/DM.v:1]
INFO: [HDL 9-2216] Analyzing Verilog file "C:/Users/16044/Desktop/single_circle/cpu.srcs/sources_1/new/IM.v" into library work [C:/Users/16044/Desktop/single_circle/cpu.srcs/sources_1/new/IM.v:1]
INFO: [HDL 9-2216] Analyzing Verilog file "C:/Users/16044/Desktop/single_circle/cpu.srcs/sources_1/new/RegFileRead.v" into library work [C:/Users/16044/Desktop/single_circle/cpu.srcs/sources_1/new/RegFileRead.v:1]
INFO: [HDL 9-2216] Analyzing Verilog file "C:/Users/16044/Desktop/single_circle/cpu.srcs/sources_1/new/RegFileWrite.v" into library work [C:/Users/16044/Desktop/single_circle/cpu.srcs/sources_1/new/RegFileWrite.v:1]
INFO: [HDL 9-2216] Analyzing Verilog file "C:/Users/16044/Desktop/single_circle/cpu.srcs/sources_1/new/RegFiletoALU.v" into library work [C:/Users/16044/Desktop/single_circle/cpu.srcs/sources_1/new/RegFiletoALU.v:1]
INFO: [HDL 9-2216] Analyzing Verilog file "C:/Users/16044/Desktop/single_circle/cpu.srcs/sources_1/new/SwitchFrequency.v" into library work [C:/Users/16044/Desktop/single_circle/cpu.srcs/sources_1/new/SwitchFrequency.v:1]
INFO: [HDL 9-2216] Analyzing Verilog file "C:/Users/16044/Desktop/single_circle/cpu.srcs/sources_1/new/TopLayer.v" into library work [C:/Users/16044/Desktop/single_circle/cpu.srcs/sources_1/new/TopLayer.v:1]
INFO: [HDL 9-2216] Analyzing Verilog file "C:/Users/16044/Desktop/single_circle/cpu.srcs/sources_1/new/controller.v" into library work [C:/Users/16044/Desktop/single_circle/cpu.srcs/sources_1/new/controller.v:1]
INFO: [HDL 9-2216] Analyzing Verilog file "C:/Users/16044/Desktop/single_circle/cpu.srcs/sources_1/new/counter.v" into library work [C:/Users/16044/Desktop/single_circle/cpu.srcs/sources_1/new/counter.v:1]
INFO: [HDL 9-2216] Analyzing Verilog file "C:/Users/16044/Desktop/single_circle/cpu.srcs/sources_1/new/decodShowInDisplay.v" into library work [C:/Users/16044/Desktop/single_circle/cpu.srcs/sources_1/new/decodShowInDisplay.v:1]
INFO: [HDL 9-2216] Analyzing Verilog file "C:/Users/16044/Desktop/single_circle/cpu.srcs/sources_1/new/display.v" into library work [C:/Users/16044/Desktop/single_circle/cpu.srcs/sources_1/new/display.v:1]
INFO: [HDL 9-2216] Analyzing Verilog file "C:/Users/16044/Desktop/single_circle/cpu.srcs/sources_1/new/divider.v" into library work [C:/Users/16044/Desktop/single_circle/cpu.srcs/sources_1/new/divider.v:1]
INFO: [HDL 9-2216] Analyzing Verilog file "C:/Users/16044/Desktop/single_circle/cpu.srcs/sources_1/new/extend.v" into library work [C:/Users/16044/Desktop/single_circle/cpu.srcs/sources_1/new/extend.v:1]
INFO: [HDL 9-2216] Analyzing Verilog file "C:/Users/16044/Desktop/single_circle/cpu.srcs/sources_1/new/halt.v" into library work [C:/Users/16044/Desktop/single_circle/cpu.srcs/sources_1/new/halt.v:1]
INFO: [HDL 9-2216] Analyzing Verilog file "C:/Users/16044/Desktop/single_circle/cpu.srcs/sources_1/new/insturctionDecoder.v" into library work [C:/Users/16044/Desktop/single_circle/cpu.srcs/sources_1/new/insturctionDecoder.v:1]
INFO: [HDL 9-2216] Analyzing Verilog file "C:/Users/16044/Desktop/single_circle/cpu.srcs/sources_1/new/npc.v" into library work [C:/Users/16044/Desktop/single_circle/cpu.srcs/sources_1/new/npc.v:1]
INFO: [HDL 9-2216] Analyzing Verilog file "C:/Users/16044/Desktop/single_circle/cpu.srcs/sources_1/new/pc.v" into library work [C:/Users/16044/Desktop/single_circle/cpu.srcs/sources_1/new/pc.v:1]
INFO: [HDL 9-2216] Analyzing Verilog file "C:/Users/16044/Desktop/single_circle/cpu.srcs/sources_1/new/regfile.v" into library work [C:/Users/16044/Desktop/single_circle/cpu.srcs/sources_1/new/regfile.v:1]
[Wed Feb 20 19:14:55 2019] Launched synth_1...
Run output will be captured here: C:/Users/16044/Desktop/single_circle/cpu.runs/synth_1/runme.log
launch_runs impl_1
[Wed Feb 20 19:17:24 2019] Launched impl_1...
Run output will be captured here: C:/Users/16044/Desktop/single_circle/cpu.runs/impl_1/runme.log
launch_runs impl_1 -to_step write_bitstream
[Wed Feb 20 19:19:08 2019] Launched impl_1...
Run output will be captured here: C:/Users/16044/Desktop/single_circle/cpu.runs/impl_1/runme.log
set_property PROBES.FILE {} [lindex [get_hw_devices] 0]
set_property PROGRAM.FILE {C:/Users/16044/Desktop/single_circle/cpu.runs/impl_1/TopLayer.bit} [lindex [get_hw_devices] 0]
program_hw_devices [lindex [get_hw_devices] 0]
INFO: [Labtools 27-3164] End of startup status: HIGH
refresh_hw_device [lindex [get_hw_devices] 0]
INFO: [Labtools 27-1434] Device xc7a100t (JTAG device index = 0) is programmed with a design that has no supported debug core(s) in it.
WARNING: [Labtools 27-3123] The debug hub core was not detected at User Scan Chain 1 or 3.
Resolution: 
1. Make sure the clock connected to the debug hub (dbg_hub) core is a free running clock and is active OR
2. Manually launch hw_server with -e "set xsdb-user-bscan <C_USER_SCAN_CHAIN scan_chain_number>" to detect the debug hub at User Scan Chain of 2 or 4. To determine the user scan chain setting, open the implemented design and use: get_property C_USER_SCAN_CHAIN [get_debug_cores dbg_hub].
reset_run synth_1
launch_runs synth_1
INFO: [HDL 9-2216] Analyzing Verilog file "C:/Users/16044/Desktop/single_circle/cpu.srcs/sources_1/new/ALU.v" into library work [C:/Users/16044/Desktop/single_circle/cpu.srcs/sources_1/new/ALU.v:1]
INFO: [HDL 9-2216] Analyzing Verilog file "C:/Users/16044/Desktop/single_circle/cpu.srcs/sources_1/new/DM.v" into library work [C:/Users/16044/Desktop/single_circle/cpu.srcs/sources_1/new/DM.v:1]
INFO: [HDL 9-2216] Analyzing Verilog file "C:/Users/16044/Desktop/single_circle/cpu.srcs/sources_1/new/IM.v" into library work [C:/Users/16044/Desktop/single_circle/cpu.srcs/sources_1/new/IM.v:1]
INFO: [HDL 9-2216] Analyzing Verilog file "C:/Users/16044/Desktop/single_circle/cpu.srcs/sources_1/new/RegFileRead.v" into library work [C:/Users/16044/Desktop/single_circle/cpu.srcs/sources_1/new/RegFileRead.v:1]
INFO: [HDL 9-2216] Analyzing Verilog file "C:/Users/16044/Desktop/single_circle/cpu.srcs/sources_1/new/RegFileWrite.v" into library work [C:/Users/16044/Desktop/single_circle/cpu.srcs/sources_1/new/RegFileWrite.v:1]
INFO: [HDL 9-2216] Analyzing Verilog file "C:/Users/16044/Desktop/single_circle/cpu.srcs/sources_1/new/RegFiletoALU.v" into library work [C:/Users/16044/Desktop/single_circle/cpu.srcs/sources_1/new/RegFiletoALU.v:1]
INFO: [HDL 9-2216] Analyzing Verilog file "C:/Users/16044/Desktop/single_circle/cpu.srcs/sources_1/new/SwitchFrequency.v" into library work [C:/Users/16044/Desktop/single_circle/cpu.srcs/sources_1/new/SwitchFrequency.v:1]
INFO: [HDL 9-2216] Analyzing Verilog file "C:/Users/16044/Desktop/single_circle/cpu.srcs/sources_1/new/TopLayer.v" into library work [C:/Users/16044/Desktop/single_circle/cpu.srcs/sources_1/new/TopLayer.v:1]
INFO: [HDL 9-2216] Analyzing Verilog file "C:/Users/16044/Desktop/single_circle/cpu.srcs/sources_1/new/controller.v" into library work [C:/Users/16044/Desktop/single_circle/cpu.srcs/sources_1/new/controller.v:1]
INFO: [HDL 9-2216] Analyzing Verilog file "C:/Users/16044/Desktop/single_circle/cpu.srcs/sources_1/new/counter.v" into library work [C:/Users/16044/Desktop/single_circle/cpu.srcs/sources_1/new/counter.v:1]
INFO: [HDL 9-2216] Analyzing Verilog file "C:/Users/16044/Desktop/single_circle/cpu.srcs/sources_1/new/decodShowInDisplay.v" into library work [C:/Users/16044/Desktop/single_circle/cpu.srcs/sources_1/new/decodShowInDisplay.v:1]
INFO: [HDL 9-2216] Analyzing Verilog file "C:/Users/16044/Desktop/single_circle/cpu.srcs/sources_1/new/display.v" into library work [C:/Users/16044/Desktop/single_circle/cpu.srcs/sources_1/new/display.v:1]
INFO: [HDL 9-2216] Analyzing Verilog file "C:/Users/16044/Desktop/single_circle/cpu.srcs/sources_1/new/divider.v" into library work [C:/Users/16044/Desktop/single_circle/cpu.srcs/sources_1/new/divider.v:1]
INFO: [HDL 9-2216] Analyzing Verilog file "C:/Users/16044/Desktop/single_circle/cpu.srcs/sources_1/new/extend.v" into library work [C:/Users/16044/Desktop/single_circle/cpu.srcs/sources_1/new/extend.v:1]
INFO: [HDL 9-2216] Analyzing Verilog file "C:/Users/16044/Desktop/single_circle/cpu.srcs/sources_1/new/halt.v" into library work [C:/Users/16044/Desktop/single_circle/cpu.srcs/sources_1/new/halt.v:1]
INFO: [HDL 9-2216] Analyzing Verilog file "C:/Users/16044/Desktop/single_circle/cpu.srcs/sources_1/new/insturctionDecoder.v" into library work [C:/Users/16044/Desktop/single_circle/cpu.srcs/sources_1/new/insturctionDecoder.v:1]
INFO: [HDL 9-2216] Analyzing Verilog file "C:/Users/16044/Desktop/single_circle/cpu.srcs/sources_1/new/npc.v" into library work [C:/Users/16044/Desktop/single_circle/cpu.srcs/sources_1/new/npc.v:1]
INFO: [HDL 9-2216] Analyzing Verilog file "C:/Users/16044/Desktop/single_circle/cpu.srcs/sources_1/new/pc.v" into library work [C:/Users/16044/Desktop/single_circle/cpu.srcs/sources_1/new/pc.v:1]
INFO: [HDL 9-2216] Analyzing Verilog file "C:/Users/16044/Desktop/single_circle/cpu.srcs/sources_1/new/regfile.v" into library work [C:/Users/16044/Desktop/single_circle/cpu.srcs/sources_1/new/regfile.v:1]
[Wed Feb 20 19:39:31 2019] Launched synth_1...
Run output will be captured here: C:/Users/16044/Desktop/single_circle/cpu.runs/synth_1/runme.log
launch_runs impl_1
[Wed Feb 20 19:42:15 2019] Launched impl_1...
Run output will be captured here: C:/Users/16044/Desktop/single_circle/cpu.runs/impl_1/runme.log
launch_runs impl_1 -to_step write_bitstream
[Wed Feb 20 19:44:01 2019] Launched impl_1...
Run output will be captured here: C:/Users/16044/Desktop/single_circle/cpu.runs/impl_1/runme.log
set_property PROBES.FILE {} [lindex [get_hw_devices] 0]
set_property PROGRAM.FILE {C:/Users/16044/Desktop/single_circle/cpu.runs/impl_1/TopLayer.bit} [lindex [get_hw_devices] 0]
program_hw_devices [lindex [get_hw_devices] 0]
INFO: [Labtools 27-3164] End of startup status: HIGH
refresh_hw_device [lindex [get_hw_devices] 0]
INFO: [Labtools 27-1434] Device xc7a100t (JTAG device index = 0) is programmed with a design that has no supported debug core(s) in it.
WARNING: [Labtools 27-3123] The debug hub core was not detected at User Scan Chain 1 or 3.
Resolution: 
1. Make sure the clock connected to the debug hub (dbg_hub) core is a free running clock and is active OR
2. Manually launch hw_server with -e "set xsdb-user-bscan <C_USER_SCAN_CHAIN scan_chain_number>" to detect the debug hub at User Scan Chain of 2 or 4. To determine the user scan chain setting, open the implemented design and use: get_property C_USER_SCAN_CHAIN [get_debug_cores dbg_hub].
set_property PROBES.FILE {} [lindex [get_hw_devices] 0]
set_property PROGRAM.FILE {C:/Users/16044/Desktop/single_circle/cpu.runs/impl_1/TopLayer.bit} [lindex [get_hw_devices] 0]
program_hw_devices [lindex [get_hw_devices] 0]
INFO: [Labtools 27-3164] End of startup status: HIGH
refresh_hw_device [lindex [get_hw_devices] 0]
INFO: [Labtools 27-1434] Device xc7a100t (JTAG device index = 0) is programmed with a design that has no supported debug core(s) in it.
WARNING: [Labtools 27-3123] The debug hub core was not detected at User Scan Chain 1 or 3.
Resolution: 
1. Make sure the clock connected to the debug hub (dbg_hub) core is a free running clock and is active OR
2. Manually launch hw_server with -e "set xsdb-user-bscan <C_USER_SCAN_CHAIN scan_chain_number>" to detect the debug hub at User Scan Chain of 2 or 4. To determine the user scan chain setting, open the implemented design and use: get_property C_USER_SCAN_CHAIN [get_debug_cores dbg_hub].
exit
INFO: [Common 17-206] Exiting Vivado at Wed Feb 20 19:52:08 2019...
